[WARNING] ME(70924:281473811151152,MainProcess):2025-08-13-12:13:09.517.538 [mindspore/run_check/_check_version.py:412] Can not find the tbe operator implementation(need by mindspore-ascend). Please check whether the Environment Variable PYTHONPATH is set. For details, refer to the installation guidelines: https://www.mindspore.cn/install
/home/ma-user/anaconda3/envs/MindSpore/lib/python3.9/site-packages/numpy/core/getlimits.py:549: UserWarning: The value of the smallest subnormal for <class 'numpy.float64'> type is zero.
  setattr(self, word, getattr(machar, word).flat[0])
/home/ma-user/anaconda3/envs/MindSpore/lib/python3.9/site-packages/numpy/core/getlimits.py:89: UserWarning: The value of the smallest subnormal for <class 'numpy.float64'> type is zero.
  return self._float_to_str(self.smallest_subnormal)
/home/ma-user/anaconda3/envs/MindSpore/lib/python3.9/site-packages/numpy/core/getlimits.py:549: UserWarning: The value of the smallest subnormal for <class 'numpy.float32'> type is zero.
  setattr(self, word, getattr(machar, word).flat[0])
/home/ma-user/anaconda3/envs/MindSpore/lib/python3.9/site-packages/numpy/core/getlimits.py:89: UserWarning: The value of the smallest subnormal for <class 'numpy.float32'> type is zero.
  return self._float_to_str(self.smallest_subnormal)
[WARNING] ME(70924:281473811151152,MainProcess):2025-08-13-12:13:13.988.479 [mindspore/run_check/_check_version.py:412] Can not find the tbe operator implementation(need by mindspore-ascend). Please check whether the Environment Variable PYTHONPATH is set. For details, refer to the installation guidelines: https://www.mindspore.cn/install
[WARNING] DISTRIBUTED(70924,ffffba86f930,python):2025-08-13-12:13:13.990.428 [mindspore/ccsrc/distributed/rpc/tcp/tcp_comm.cc:485] Connect] Connection 17 source: 127.0.0.1:36806, destination: 127.0.0.1:8118
[WARNING] DISTRIBUTED(70924,ffff3f7fe1e0,python):2025-08-13-12:13:13.990.430 [mindspore/ccsrc/distributed/rpc/tcp/tcp_comm.cc:79] ConnectedEventHandler] Connection from 127.0.0.1:36806 to 127.0.0.1:8118 is successfully created. System errno: Success
[WARNING] DISTRIBUTED(70924,ffffba86f930,python):2025-08-13-12:13:13.990.483 [mindspore/ccsrc/distributed/rpc/tcp/tcp_comm.cc:494] Connect] Waiting for the state of the connection to 127.0.0.1:8118 to be connected...Retry number: 1
[WARNING] DISTRIBUTED(70924,ffffba86f930,python):2025-08-13-12:13:14.490.777 [mindspore/ccsrc/distributed/rpc/tcp/tcp_comm.cc:485] Connect] Connection 18 source: 127.0.0.1:40474, destination: 127.0.0.1:8118
[WARNING] DISTRIBUTED(70924,ffff44e711e0,python):2025-08-13-12:13:14.490.794 [mindspore/ccsrc/distributed/rpc/tcp/tcp_comm.cc:79] ConnectedEventHandler] Connection from 127.0.0.1:40474 to 127.0.0.1:8118 is successfully created. System errno: Success
[WARNING] DISTRIBUTED(70924,ffffba86f930,python):2025-08-13-12:13:14.490.846 [mindspore/ccsrc/distributed/rpc/tcp/tcp_comm.cc:494] Connect] Waiting for the state of the connection to 127.0.0.1:8118 to be connected...Retry number: 2
[WARNING] DISTRIBUTED(70924,ffffba86f930,python):2025-08-13-12:13:14.991.296 [mindspore/ccsrc/distributed/cluster/cluster_context.cc:246] BuildCluster] Topology build timed out., retry(1/1200).
[WARNING] DISTRIBUTED(70924,ffffba86f930,python):2025-08-13-12:13:15.491.413 [mindspore/ccsrc/distributed/cluster/cluster_context.cc:246] BuildCluster] Topology build timed out., retry(2/1200).
[WARNING] DISTRIBUTED(70924,ffffba86f930,python):2025-08-13-12:13:15.991.533 [mindspore/ccsrc/distributed/cluster/cluster_context.cc:249] BuildCluster] Cluster is successfully initialized.
[WARNING] DISTRIBUTED(70924,ffffba86f930,python):2025-08-13-12:13:15.991.683 [mindspore/ccsrc/distributed/cluster/cluster_context.cc:356] PostProcess] This node 6 rank id: 6
[WARNING] DISTRIBUTED(70924,ffffba86f930,python):2025-08-13-12:13:21.565.948 [mindspore/ccsrc/distributed/collective/collective_manager.cc:338] CreateCommunicationGroup] Start to create communication group: hccl_world_group [const vector]{0, 1, 2, 3, 4, 5, 6, 7}, async: 0, submit_now: 1
[WARNING] DISTRIBUTED(70924,fffeceffd1e0,python):2025-08-13-12:13:21.567.494 [mindspore/ccsrc/distributed/collective/collective_manager.cc:962] CreateDeviceCommunicator] Begin initialize communication group on the device side: hccl_world_group
[WARNING] DEVICE(70924,fffece7fc1e0,python):2025-08-13-12:13:21.567.853 [mindspore/ccsrc/plugin/res_manager/ascend/collective/ascend_communication_group.cc:165] InitializeByRankTable] Start to initialize communicator by HcclCommInitClusterInfoConfig for hccl_world_group, hcclBufferSize is 200 MB. hcclDeterministic is 0
[WARNING] DEVICE(70924,fffece7fc1e0,python):2025-08-13-12:13:21.684.064 [mindspore/ccsrc/plugin/res_manager/ascend/collective/ascend_communication_group.cc:175] InitializeByRankTable] End to initialize communicator by HcclCommInitClusterInfoConfig for hccl_world_group
[WARNING] DISTRIBUTED(70924,fffeceffd1e0,python):2025-08-13-12:13:21.684.496 [mindspore/ccsrc/distributed/collective/collective_manager.cc:973] CreateDeviceCommunicator] End initialize communication group on the device side: hccl_world_group
Scanning 'coco/train2017.cache.npy' images and labels... 118287 found, 0 missing, 1021 empty, 0 corrupted: 100%|█████████████████████████████████████████████████████| 118287/118287 [00:00<?, ?it/s]Scanning 'coco/train2017.cache.npy' images and labels... 118287 found, 0 missing, 1021 empty, 0 corrupted: 100%|█████████████████████████████████████████████████████| 118287/118287 [00:00<?, ?it/s]
Scanning 'coco/train2017.cache.npy' images and labels... 118287 found, 0 missing, 1021 empty, 0 corrupted: 100%|█████████████████████████████████████████████████████| 118287/118287 [00:00<?, ?it/s]Scanning 'coco/train2017.cache.npy' images and labels... 118287 found, 0 missing, 1021 empty, 0 corrupted: 100%|█████████████████████████████████████████████████████| 118287/118287 [00:00<?, ?it/s]
[WARNING] package not installed, albumentations load failed
[WARNING] package not installed, albumentations load failed
[WARNING] package not installed, albumentations load failed
[WARNING] package not installed, albumentations load failed
[WARNING] package not installed, albumentations load failed
[WARNING] package not installed, albumentations load failed
[WARNING] package not installed, albumentations load failed
[WARNING] package not installed, albumentations load failed
[WARNING] package not installed, albumentations load failed
[WARNING] package not installed, albumentations load failed
[WARNING] package not installed, albumentations load failed
[WARNING] package not installed, albumentations load failed
[WARNING] package not installed, albumentations load failed
[WARNING] package not installed, albumentations load failed
[WARNING] package not installed, albumentations load failed
[WARNING] package not installed, albumentations load failed
.........[WARNING] DISTRIBUTED(70924,ffff3e7fc1e0,python):2025-08-14-09:46:53.229.181 [mindspore/ccsrc/distributed/init.cc:108] operator()] Callback on exception is called.
[WARNING] DISTRIBUTED(70924,ffff3e7fc1e0,python):2025-08-14-09:46:53.230.958 [mindspore/ccsrc/distributed/init.cc:125] operator()] Kill this process with SIGTERM.
[WARNING] ME(78570:281473811151152,WriterPool-19):2025-08-14-09:46:54.275.119 [mindspore/train/summary/_writer_pool.py:193] The training process 70924 has exited, summary process will exit.
[ERROR] TBE Subprocess[task_distribute] raise error[], main process disappeared!
[ERROR] TBE Subprocess[task_distribute] raise error[], main process disappeared!
[ERROR] TBE Subprocess[task_distribute] raise error[], main process disappeared!
[ERROR] TBE Subprocess[task_distribute] raise error[], main process disappeared!
[ERROR] TBE Subprocess[task_distribute] raise error[], main process disappeared!
[ERROR] TBE Subprocess[task_distribute] raise error[], main process disappeared!
[ERROR] TBE Subprocess[task_distribute] raise error[], main process disappeared!
[ERROR] TBE Subprocess[task_distribute] raise error[], main process disappeared!
/home/ma-user/anaconda3/envs/MindSpore/lib/python3.9/multiprocessing/resource_tracker.py:216: UserWarning: resource_tracker: There appear to be 30 leaked semaphore objects to clean up at shutdown
  warnings.warn('resource_tracker: There appear to be %d '
