2024-09-23 00:11:15,417:INFO:Creating Network....
2024-09-23 00:11:38,262:INFO:yolov5 pretrained network model: /home/ma-user/work/YOLOv5-最终版/output/yolov5_11_474.ckpt
2024-09-23 00:11:38,935:INFO:load_model /home/ma-user/work/YOLOv5-最终版/output/yolov5_11_474.ckpt success
2024-09-23 00:11:39,020:INFO:testing shape : [640, 640]
2024-09-23 00:11:39,024:INFO:total 3792 images to eval
2024-09-23 00:11:39,367:INFO:Start inference....
2024-09-23 00:12:02,434:INFO:Processing... 0.00% 
2024-09-23 00:12:42,435:INFO:Processing... 21.10% 
2024-09-23 00:13:24,018:INFO:Processing... 42.19% 
2024-09-23 00:14:03,663:INFO:Processing... 63.29% 
2024-09-23 00:14:43,335:INFO:Processing... 84.39% 
2024-09-23 00:15:11,513:INFO:Calculating mAP...
2024-09-23 00:15:19,267:INFO:Save bbox prediction result.
2024-09-23 00:15:20,655:INFO:Result file path: ./output/predict_2024_09_23_00_15_19.json
2024-09-23 00:15:38,474:INFO:
=============coco eval result=========
 Average Precision  (AP) @[ IoU=0.50:0.95 | area=   all | maxDets=100 ] = 0.008
 Average Precision  (AP) @[ IoU=0.50      | area=   all | maxDets=100 ] = 0.019
 Average Precision  (AP) @[ IoU=0.75      | area=   all | maxDets=100 ] = 0.004
 Average Precision  (AP) @[ IoU=0.50:0.95 | area= small | maxDets=100 ] = 0.000
 Average Precision  (AP) @[ IoU=0.50:0.95 | area=medium | maxDets=100 ] = 0.010
 Average Precision  (AP) @[ IoU=0.50:0.95 | area= large | maxDets=100 ] = 0.008
 Average Recall     (AR) @[ IoU=0.50:0.95 | area=   all | maxDets=  1 ] = 0.029
 Average Recall     (AR) @[ IoU=0.50:0.95 | area=   all | maxDets= 10 ] = 0.037
 Average Recall     (AR) @[ IoU=0.50:0.95 | area=   all | maxDets=100 ] = 0.039
 Average Recall     (AR) @[ IoU=0.50:0.95 | area= small | maxDets=100 ] = 0.000
 Average Recall     (AR) @[ IoU=0.50:0.95 | area=medium | maxDets=100 ] = 0.045
 Average Recall     (AR) @[ IoU=0.50:0.95 | area= large | maxDets=100 ] = 0.038

2024-09-23 00:15:38,480:INFO:testing cost time 0.07 h
