nohup: ignoring input
==============================================================================================================
Please run the script as: 
bash run.sh
==============================================================================================================
/home/panmz/panmz_mf_v2/lib/python3.11/site-packages/numpy/core/getlimits.py:549: UserWarning: The value of the smallest subnormal for <class 'numpy.float64'> type is zero.
  setattr(self, word, getattr(machar, word).flat[0])
/home/panmz/panmz_mf_v2/lib/python3.11/site-packages/numpy/core/getlimits.py:89: UserWarning: The value of the smallest subnormal for <class 'numpy.float64'> type is zero.
  return self._float_to_str(self.smallest_subnormal)
/home/panmz/panmz_mf_v2/lib/python3.11/site-packages/numpy/core/getlimits.py:549: UserWarning: The value of the smallest subnormal for <class 'numpy.float32'> type is zero.
  setattr(self, word, getattr(machar, word).flat[0])
/home/panmz/panmz_mf_v2/lib/python3.11/site-packages/numpy/core/getlimits.py:89: UserWarning: The value of the smallest subnormal for <class 'numpy.float32'> type is zero.
  return self._float_to_str(self.smallest_subnormal)
2025-06-02 01:09:34,543 - INFO - Loading datasets: dataset/train_mptrj_ase.dbTotal train dataset size: 800 samples
2025-06-02 01:10:02,390 - INFO - Loading datasets: dataset/val_mptrj_ase.dbTotal train dataset size: 200 samples
.2025-06-02 01:10:07,079 - INFO - Model has 25213610 trainable parameters.
.....Epoch: 0/100, 
 train_metrics: {'data_time': 0.00010895108183224995, 'train_time': 386.58018293464556, 'energy_reference_mae': 5.598883946736653, 'energy_mae': 3.3611322244008384, 'energy_mae_raw': 103.14391835530598, 'stress_mae': 41.36046473185221, 'stress_mae_raw': 12.710869789123535, 'node_mae': 0.02808943825463454, 'node_mae_raw': 0.0228044210622708, 'node_cosine_sim': 0.7026202281316122, 'fwt_0.03': 0.23958333333333334, 'loss': 44.74968592325846}
 val_metrics: {'energy_reference_mae': 5.316623687744141, 'energy_mae': 3.594848871231079, 'energy_mae_raw': 101.00129699707031, 'stress_mae': 30.630516052246094, 'stress_mae_raw': 9.707925796508789, 'node_mae': 0.017718862742185593, 'node_mae_raw': 0.014386476017534733, 'node_cosine_sim': 0.5506304502487183, 'fwt_0.03': 0.375, 'loss': 34.24308395385742}
Epoch: 1/100, 
 train_metrics: {'data_time': 7.956808743377526e-05, 'train_time': 58.32512686906072, 'energy_reference_mae': 5.597743193308513, 'energy_mae': 3.1485202312469482, 'energy_mae_raw': 98.38380686442058, 'stress_mae': 28.728186289469402, 'stress_mae_raw': 12.68452231089274, 'node_mae': 0.03594514851768812, 'node_mae_raw': 0.029204325129588444, 'node_cosine_sim': 0.6501480937004089, 'fwt_0.03': 0.1875, 'loss': 31.91265296936035}
 val_metrics: {'energy_reference_mae': 5.315496444702148, 'energy_mae': 3.396975517272949, 'energy_mae_raw': 97.29582214355469, 'stress_mae': 21.617733001708984, 'stress_mae_raw': 9.692658424377441, 'node_mae': 0.028339553624391556, 'node_mae_raw': 0.023028671741485596, 'node_cosine_sim': 0.4665377140045166, 'fwt_0.03': 0.2449999898672104, 'loss': 25.043048858642578}
Epoch: 2/100, 
 train_metrics: {'data_time': 9.082657440255086e-05, 'train_time': 57.78005387315837, 'energy_reference_mae': 5.595812161763509, 'energy_mae': 2.470391591389974, 'energy_mae_raw': 80.26095835367839, 'stress_mae': 23.248738606770832, 'stress_mae_raw': 12.656850496927897, 'node_mae': 0.05827691281835238, 'node_mae_raw': 0.04741767545541128, 'node_cosine_sim': 0.4862676759560903, 'fwt_0.03': 0.06770833333333333, 'loss': 25.777406692504883}
 val_metrics: {'energy_reference_mae': 5.3136749267578125, 'energy_mae': 2.4135007858276367, 'energy_mae_raw': 76.62962341308594, 'stress_mae': 17.561452865600586, 'stress_mae_raw': 9.660181045532227, 'node_mae': 0.05103273689746857, 'node_mae_raw': 0.04153458774089813, 'node_cosine_sim': 0.2559259235858917, 'fwt_0.03': 0.19499999284744263, 'loss': 20.025985717773438}
Epoch: 3/100, 
 train_metrics: {'data_time': 7.390339548389117e-05, 'train_time': 57.530280850439645, 'energy_reference_mae': 5.594139099121094, 'energy_mae': 0.4299082358678182, 'energy_mae_raw': 9.679202397664389, 'stress_mae': 20.026407877604168, 'stress_mae_raw': 12.646252632141113, 'node_mae': 0.10648976266384125, 'node_mae_raw': 0.08684923748175304, 'node_cosine_sim': 0.17804985493421555, 'fwt_0.03': 0.026041666666666668, 'loss': 20.56280581156413}
 val_metrics: {'energy_reference_mae': 5.312248229980469, 'energy_mae': 0.41856303811073303, 'energy_mae_raw': 7.830357074737549, 'stress_mae': 15.184449195861816, 'stress_mae_raw': 9.664657592773438, 'node_mae': 0.06961581110954285, 'node_mae_raw': 0.05680518597364426, 'node_cosine_sim': 0.1428743600845337, 'fwt_0.03': 0.20000000298023224, 'loss': 15.672627449035645}
Epoch: 4/100, 
 train_metrics: {'data_time': 6.763788405805826e-05, 'train_time': 56.47868250007741, 'energy_reference_mae': 5.593772252400716, 'energy_mae': 0.1364006300767263, 'energy_mae_raw': 2.7369368076324463, 'stress_mae': 17.840226491292317, 'stress_mae_raw': 12.637458165486654, 'node_mae': 0.09035512059926987, 'node_mae_raw': 0.07394261161486308, 'node_cosine_sim': 0.24555706977844238, 'fwt_0.03': 0.03125, 'loss': 18.06698195139567}
 val_metrics: {'energy_reference_mae': 5.311678886413574, 'energy_mae': 0.2944376468658447, 'energy_mae_raw': 4.84009313583374, 'stress_mae': 13.53683853149414, 'stress_mae_raw': 9.649592399597168, 'node_mae': 0.07051235437393188, 'node_mae_raw': 0.05773495137691498, 'node_cosine_sim': 0.16662341356277466, 'fwt_0.03': 0.19499999284744263, 'loss': 13.901788711547852}
Epoch: 5/100, 
 train_metrics: {'data_time': 6.636996598293383e-05, 'train_time': 56.44928463711403, 'energy_reference_mae': 5.593667189280192, 'energy_mae': 0.12268539518117905, 'energy_mae_raw': 3.3883440494537354, 'stress_mae': 16.218823115030926, 'stress_mae_raw': 12.612961451212565, 'node_mae': 0.08587968349456787, 'node_mae_raw': 0.07050484170516332, 'node_cosine_sim': 0.3135829567909241, 'fwt_0.03': 0.026041666666666668, 'loss': 16.427387873331707}
 val_metrics: {'energy_reference_mae': 5.311542510986328, 'energy_mae': 0.36402609944343567, 'energy_mae_raw': 2.9681897163391113, 'stress_mae': 12.340947151184082, 'stress_mae_raw': 9.64747142791748, 'node_mae': 0.07171860337257385, 'node_mae_raw': 0.05890956521034241, 'node_cosine_sim': 0.17252680659294128, 'fwt_0.03': 0.20499999821186066, 'loss': 12.776691436767578}
Epoch: 6/100, 
 train_metrics: {'data_time': 7.260811980813742e-05, 'train_time': 56.598420442004375, 'energy_reference_mae': 5.593572934468587, 'energy_mae': 0.08641426761945088, 'energy_mae_raw': 2.2749600807825723, 'stress_mae': 14.917346318562826, 'stress_mae_raw': 12.549402554829916, 'node_mae': 0.08455659200747807, 'node_mae_raw': 0.06961643944183986, 'node_cosine_sim': 0.313629945119222, 'fwt_0.03': 0.036458333333333336, 'loss': 15.088317235310873}
 val_metrics: {'energy_reference_mae': 5.311477184295654, 'energy_mae': 0.3314583897590637, 'energy_mae_raw': 5.089649200439453, 'stress_mae': 11.397867202758789, 'stress_mae_raw': 9.63148021697998, 'node_mae': 0.06518703699111938, 'node_mae_raw': 0.053689610213041306, 'node_cosine_sim': 0.20097972452640533, 'fwt_0.03': 0.20999999344348907, 'loss': 11.794512748718262}
Epoch: 7/100, 
 train_metrics: {'data_time': 8.890867078055938e-05, 'train_time': 57.96600917967347, 'energy_reference_mae': 5.593546390533447, 'energy_mae': 0.08373882869879405, 'energy_mae_raw': 2.5511515140533447, 'stress_mae': 13.778522809346518, 'stress_mae_raw': 12.405464808146158, 'node_mae': 0.07837760945161183, 'node_mae_raw': 0.06469733268022537, 'node_cosine_sim': 0.33165180683135986, 'fwt_0.03': 0.010416666666666666, 'loss': 13.94063949584961}
 val_metrics: {'energy_reference_mae': 5.311463356018066, 'energy_mae': 0.31370124220848083, 'energy_mae_raw': 3.0110273361206055, 'stress_mae': 10.542410850524902, 'stress_mae_raw': 9.528879165649414, 'node_mae': 0.06846609711647034, 'node_mae_raw': 0.0565376952290535, 'node_cosine_sim': 0.2209530621767044, 'fwt_0.03': 0.2149999886751175, 'loss': 10.924578666687012}
Epoch: 8/100, 
 train_metrics: {'data_time': 8.469098247587681e-05, 'train_time': 58.48319859344823, 'energy_reference_mae': 5.593487580617269, 'energy_mae': 0.0863809809088707, 'energy_mae_raw': 2.3628737131754556, 'stress_mae': 12.847220738728842, 'stress_mae_raw': 12.279045422871908, 'node_mae': 0.08540324618419011, 'node_mae_raw': 0.07066512728730838, 'node_cosine_sim': 0.30112361907958984, 'fwt_0.03': 0.036458333333333336, 'loss': 13.019005139668783}
 val_metrics: {'energy_reference_mae': 5.311365604400635, 'energy_mae': 0.3185214400291443, 'energy_mae_raw': 3.148157835006714, 'stress_mae': 9.78563404083252, 'stress_mae_raw': 9.385137557983398, 'node_mae': 0.067543163895607, 'node_mae_raw': 0.05591302365064621, 'node_cosine_sim': 0.18407122790813446, 'fwt_0.03': 0.19999998807907104, 'loss': 10.171698570251465}
Epoch: 9/100, 
 train_metrics: {'data_time': 7.065998700757821e-05, 'train_time': 58.329109251926035, 'energy_reference_mae': 5.593471844991048, 'energy_mae': 0.07843704024950664, 'energy_mae_raw': 2.1945296923319497, 'stress_mae': 12.179006258646647, 'stress_mae_raw': 12.278972943623861, 'node_mae': 0.08519819627205531, 'node_mae_raw': 0.07067722703019778, 'node_cosine_sim': 0.2660362323125203, 'fwt_0.03': 0.036458333333333336, 'loss': 12.342641194661459}
 val_metrics: {'energy_reference_mae': 5.311235427856445, 'energy_mae': 0.3825320303440094, 'energy_mae_raw': 4.631921768188477, 'stress_mae': 9.345752716064453, 'stress_mae_raw': 9.450925827026367, 'node_mae': 0.06978194415569305, 'node_mae_raw': 0.05790770798921585, 'node_cosine_sim': 0.19313469529151917, 'fwt_0.03': 0.20499999821186066, 'loss': 9.798067092895508}
Epoch: 10/100, 
 train_metrics: {'data_time': 7.659212375680606e-05, 'train_time': 58.370344206807204, 'energy_reference_mae': 5.593459447224935, 'energy_mae': 0.11285651971896489, 'energy_mae_raw': 2.670950253804525, 'stress_mae': 11.131390253702799, 'stress_mae_raw': 11.7759370803833, 'node_mae': 0.09465265274047852, 'node_mae_raw': 0.07871734847625096, 'node_cosine_sim': 0.26024649540583294, 'fwt_0.03': 0.03125, 'loss': 11.338899612426758}
 val_metrics: {'energy_reference_mae': 5.311221122741699, 'energy_mae': 0.29692915081977844, 'energy_mae_raw': 3.61497163772583, 'stress_mae': 8.753435134887695, 'stress_mae_raw': 9.28608226776123, 'node_mae': 0.07022559642791748, 'node_mae_raw': 0.05842556804418564, 'node_cosine_sim': 0.18772195279598236, 'fwt_0.03': 0.1599999964237213, 'loss': 9.120590209960938}
Epoch: 11/100, 
 train_metrics: {'data_time': 0.00010506440109262864, 'train_time': 62.50152556893105, 'energy_reference_mae': 5.593374729156494, 'energy_mae': 0.08084421853224437, 'energy_mae_raw': 2.1065769592920938, 'stress_mae': 10.179526964823404, 'stress_mae_raw': 11.252402623494467, 'node_mae': 0.0971173420548439, 'node_mae_raw': 0.08096235742171605, 'node_cosine_sim': 0.23914710680643717, 'fwt_0.03': 0.026041666666666668, 'loss': 10.357488632202148}
 val_metrics: {'energy_reference_mae': 5.311067581176758, 'energy_mae': 0.3307836651802063, 'energy_mae_raw': 4.817387580871582, 'stress_mae': 8.732950210571289, 'stress_mae_raw': 9.677942276000977, 'node_mae': 0.06960677355527878, 'node_mae_raw': 0.05805135890841484, 'node_cosine_sim': 0.18489427864551544, 'fwt_0.03': 0.20499999821186066, 'loss': 9.133340835571289}
Epoch: 12/100, 
 train_metrics: {'data_time': 6.758099577079217e-05, 'train_time': 57.888288490086175, 'energy_reference_mae': 5.593288580576579, 'energy_mae': 0.0874730721116066, 'energy_mae_raw': 2.4641865889231362, 'stress_mae': 9.295310656229654, 'stress_mae_raw': 10.697614034016928, 'node_mae': 0.09709598124027252, 'node_mae_raw': 0.08114757388830185, 'node_cosine_sim': 0.24009023110071817, 'fwt_0.03': 0.041666666666666664, 'loss': 9.47987985610962}
 val_metrics: {'energy_reference_mae': 5.310972213745117, 'energy_mae': 0.30817481875419617, 'energy_mae_raw': 3.967881441116333, 'stress_mae': 8.42076587677002, 'stress_mae_raw': 9.714265823364258, 'node_mae': 0.07136770337820053, 'node_mae_raw': 0.059666212648153305, 'node_cosine_sim': 0.13179883360862732, 'fwt_0.03': 0.16499999165534973, 'loss': 8.800308227539062}
Epoch: 13/100, 
 train_metrics: {'data_time': 8.113658986985683e-05, 'train_time': 59.309084242054574, 'energy_reference_mae': 5.593207359313965, 'energy_mae': 0.1054062048594157, 'energy_mae_raw': 2.819331645965576, 'stress_mae': 9.03662919998169, 'stress_mae_raw': 10.795821189880371, 'node_mae': 0.1084382434686025, 'node_mae_raw': 0.0908548856774966, 'node_cosine_sim': 0.2833009163538615, 'fwt_0.03': 0.036458333333333336, 'loss': 9.250473340352377}
 val_metrics: {'energy_reference_mae': 5.310883522033691, 'energy_mae': 0.31268393993377686, 'energy_mae_raw': 3.535796880722046, 'stress_mae': 7.323699951171875, 'stress_mae_raw': 8.768437385559082, 'node_mae': 0.07074165344238281, 'node_mae_raw': 0.0592927522957325, 'node_cosine_sim': 0.17584118247032166, 'fwt_0.03': 0.1899999976158142, 'loss': 7.707125663757324}
Epoch: 14/100, 
 train_metrics: {'data_time': 7.012331237395604e-05, 'train_time': 58.207652713754214, 'energy_reference_mae': 5.593265533447266, 'energy_mae': 0.1385440727074941, 'energy_mae_raw': 3.516027291615804, 'stress_mae': 7.992159525553386, 'stress_mae_raw': 9.885423024495443, 'node_mae': 0.09575127065181732, 'node_mae_raw': 0.08041859418153763, 'node_cosine_sim': 0.26053670545419055, 'fwt_0.03': 0.046875, 'loss': 8.226455052693685}
 val_metrics: {'energy_reference_mae': 5.310672283172607, 'energy_mae': 0.2750512361526489, 'energy_mae_raw': 2.912991523742676, 'stress_mae': 6.38400936126709, 'stress_mae_raw': 7.9121785163879395, 'node_mae': 0.06747110933065414, 'node_mae_raw': 0.056690312922000885, 'node_cosine_sim': 0.18854552507400513, 'fwt_0.03': 0.2199999988079071, 'loss': 6.726531505584717}
Epoch: 15/100, 
 train_metrics: {'data_time': 5.749857518821955e-05, 'train_time': 59.55611221670794, 'energy_reference_mae': 5.592946688334147, 'energy_mae': 0.1373669554789861, 'energy_mae_raw': 3.8655384381612143, 'stress_mae': 7.605327447255452, 'stress_mae_raw': 9.717124303181967, 'node_mae': 0.09569655855496724, 'node_mae_raw': 0.08055908977985382, 'node_cosine_sim': 0.28616904218991596, 'fwt_0.03': 0.03125, 'loss': 7.838390986124675}
 val_metrics: {'energy_reference_mae': 5.3104352951049805, 'energy_mae': 0.31045785546302795, 'energy_mae_raw': 6.505969047546387, 'stress_mae': 6.054801940917969, 'stress_mae_raw': 7.750626564025879, 'node_mae': 0.06595542281866074, 'node_mae_raw': 0.055540673434734344, 'node_cosine_sim': 0.23849143087863922, 'fwt_0.03': 0.22499999403953552, 'loss': 6.431215286254883}
Epoch: 16/100, 
 train_metrics: {'data_time': 4.554842598736286e-05, 'train_time': 56.1629528979538, 'energy_reference_mae': 5.592677593231201, 'energy_mae': 0.10321597506602605, 'energy_mae_raw': 2.6386729876200357, 'stress_mae': 6.862299760182698, 'stress_mae_raw': 9.038346926371256, 'node_mae': 0.0990145355463028, 'node_mae_raw': 0.08354277163743973, 'node_cosine_sim': 0.29057828585306805, 'fwt_0.03': 0.026041666666666668, 'loss': 7.064530213673909}
 val_metrics: {'energy_reference_mae': 5.310296058654785, 'energy_mae': 0.2947309613227844, 'energy_mae_raw': 3.1104674339294434, 'stress_mae': 5.993879318237305, 'stress_mae_raw': 7.908998966217041, 'node_mae': 0.06664843112230301, 'node_mae_raw': 0.056252382695674896, 'node_cosine_sim': 0.2083858698606491, 'fwt_0.03': 0.19499999284744263, 'loss': 6.355258941650391}
Epoch: 17/100, 
 train_metrics: {'data_time': 6.890766477833192e-05, 'train_time': 56.896472368661, 'energy_reference_mae': 5.592622756958008, 'energy_mae': 0.08862693359454472, 'energy_mae_raw': 2.793409506479899, 'stress_mae': 6.110223611195882, 'stress_mae_raw': 8.282355626424154, 'node_mae': 0.09482560058434804, 'node_mae_raw': 0.0801759014527003, 'node_cosine_sim': 0.271555428703626, 'fwt_0.03': 0.026041666666666668, 'loss': 6.293676217397054}
 val_metrics: {'energy_reference_mae': 5.310522079467773, 'energy_mae': 0.27351582050323486, 'energy_mae_raw': 3.4068222045898438, 'stress_mae': 5.844868183135986, 'stress_mae_raw': 7.9360761642456055, 'node_mae': 0.06940264999866486, 'node_mae_raw': 0.058702655136585236, 'node_cosine_sim': 0.22996047139167786, 'fwt_0.03': 0.20999999344348907, 'loss': 6.18778657913208}
Epoch: 18/100, 
 train_metrics: {'data_time': 6.949645467102528e-05, 'train_time': 58.880425486209184, 'energy_reference_mae': 5.592570622762044, 'energy_mae': 0.0740713228782018, 'energy_mae_raw': 1.7210942506790161, 'stress_mae': 5.100013732910156, 'stress_mae_raw': 7.102791627248128, 'node_mae': 0.11073016126950581, 'node_mae_raw': 0.09384527802467346, 'node_cosine_sim': 0.2862192243337631, 'fwt_0.03': 0.03125, 'loss': 5.284815311431885}
 val_metrics: {'energy_reference_mae': 5.310521125793457, 'energy_mae': 0.2845650017261505, 'energy_mae_raw': 3.6068034172058105, 'stress_mae': 5.498973846435547, 'stress_mae_raw': 7.671004295349121, 'node_mae': 0.07133684307336807, 'node_mae_raw': 0.060475848615169525, 'node_cosine_sim': 0.21020835638046265, 'fwt_0.03': 0.2149999886751175, 'loss': 5.854875564575195}
Epoch: 19/100, 
 train_metrics: {'data_time': 8.308549877256155e-05, 'train_time': 59.9239296867745, 'energy_reference_mae': 5.592512448628743, 'energy_mae': 0.06870701412359874, 'energy_mae_raw': 2.0004494984944663, 'stress_mae': 4.76581335067749, 'stress_mae_raw': 6.810042063395183, 'node_mae': 0.10335879027843475, 'node_mae_raw': 0.08776478717724483, 'node_cosine_sim': 0.2579491237799327, 'fwt_0.03': 0.036458333333333336, 'loss': 4.93787940343221}
 val_metrics: {'energy_reference_mae': 5.310633659362793, 'energy_mae': 0.26260149478912354, 'energy_mae_raw': 3.3585636615753174, 'stress_mae': 5.127439498901367, 'stress_mae_raw': 7.338254451751709, 'node_mae': 0.06899737566709518, 'node_mae_raw': 0.058609165251255035, 'node_cosine_sim': 0.17861025035381317, 'fwt_0.03': 0.22499999403953552, 'loss': 5.459038257598877}
Epoch: 20/100, 
 train_metrics: {'data_time': 6.497131350139777e-05, 'train_time': 58.61448759170404, 'energy_reference_mae': 5.592453161875407, 'energy_mae': 0.05512711778283119, 'energy_mae_raw': 1.3876068194707234, 'stress_mae': 4.591204484303792, 'stress_mae_raw': 6.722284475962321, 'node_mae': 0.0980762243270874, 'node_mae_raw': 0.0834781676530838, 'node_cosine_sim': 0.28736843168735504, 'fwt_0.03': 0.036458333333333336, 'loss': 4.744407733281453}
 val_metrics: {'energy_reference_mae': 5.310500144958496, 'energy_mae': 0.2703208029270172, 'energy_mae_raw': 3.329047203063965, 'stress_mae': 5.232274532318115, 'stress_mae_raw': 7.672992706298828, 'node_mae': 0.0682847797870636, 'node_mae_raw': 0.05813867226243019, 'node_cosine_sim': 0.2083582878112793, 'fwt_0.03': 0.2149999886751175, 'loss': 5.57088041305542}
Epoch: 21/100, 
 train_metrics: {'data_time': 7.218657992780209e-05, 'train_time': 58.502282546561524, 'energy_reference_mae': 5.592383066813151, 'energy_mae': 0.0608074851334095, 'energy_mae_raw': 1.7822213172912598, 'stress_mae': 4.351258198420207, 'stress_mae_raw': 6.521481831868489, 'node_mae': 0.09040891130765279, 'node_mae_raw': 0.07711284359296162, 'node_cosine_sim': 0.289254089196523, 'fwt_0.03': 0.041666666666666664, 'loss': 4.502474705378215}
 val_metrics: {'energy_reference_mae': 5.310501575469971, 'energy_mae': 0.26421964168548584, 'energy_mae_raw': 3.326840877532959, 'stress_mae': 5.360130310058594, 'stress_mae_raw': 8.045172691345215, 'node_mae': 0.06651434302330017, 'node_mae_raw': 0.05675080046057701, 'node_cosine_sim': 0.21349048614501953, 'fwt_0.03': 0.2149999886751175, 'loss': 5.690864562988281}
Epoch: 22/100, 
 train_metrics: {'data_time': 0.00011617934796959162, 'train_time': 61.76836896136714, 'energy_reference_mae': 5.592357953389485, 'energy_mae': 0.058244614551464714, 'energy_mae_raw': 1.5778215328852336, 'stress_mae': 3.2951041062672934, 'stress_mae_raw': 5.049244403839111, 'node_mae': 0.08242047826449077, 'node_mae_raw': 0.07042709241310756, 'node_cosine_sim': 0.2910194794336955, 'fwt_0.03': 0.041666666666666664, 'loss': 3.4357691605885825}
 val_metrics: {'energy_reference_mae': 5.310417652130127, 'energy_mae': 0.3066549003124237, 'energy_mae_raw': 4.614098072052002, 'stress_mae': 4.928674697875977, 'stress_mae_raw': 7.56307315826416, 'node_mae': 0.06468936800956726, 'node_mae_raw': 0.055290237069129944, 'node_cosine_sim': 0.19839608669281006, 'fwt_0.03': 0.20999997854232788, 'loss': 5.300018787384033}
Epoch: 23/100, 
 train_metrics: {'data_time': 0.00011065342308332522, 'train_time': 60.97603063172816, 'energy_reference_mae': 5.592336813608806, 'energy_mae': 0.0480499230325222, 'energy_mae_raw': 1.285268227259318, 'stress_mae': 3.965089718500773, 'stress_mae_raw': 6.206860860188802, 'node_mae': 0.08728877703348796, 'node_mae_raw': 0.07472298294305801, 'node_cosine_sim': 0.28094900647799176, 'fwt_0.03': 0.041666666666666664, 'loss': 4.100428501764934}
 val_metrics: {'energy_reference_mae': 5.310375213623047, 'energy_mae': 0.3149166703224182, 'energy_mae_raw': 4.151850700378418, 'stress_mae': 5.1823835372924805, 'stress_mae_raw': 8.122391700744629, 'node_mae': 0.06827201694250107, 'node_mae_raw': 0.05846138671040535, 'node_cosine_sim': 0.17803049087524414, 'fwt_0.03': 0.2199999988079071, 'loss': 5.565572261810303}
Epoch: 24/100, 
 train_metrics: {'data_time': 6.975427580376466e-05, 'train_time': 59.07248058115753, 'energy_reference_mae': 5.592311859130859, 'energy_mae': 0.052431525041659675, 'energy_mae_raw': 1.3259007930755615, 'stress_mae': 3.4907646973927817, 'stress_mae_raw': 5.576693216959636, 'node_mae': 0.08463557064533234, 'node_mae_raw': 0.07258438567320506, 'node_cosine_sim': 0.2809901833534241, 'fwt_0.03': 0.041666666666666664, 'loss': 3.6278318564097085}
 val_metrics: {'energy_reference_mae': 5.310384750366211, 'energy_mae': 0.2846515476703644, 'energy_mae_raw': 3.934471368789673, 'stress_mae': 4.591021537780762, 'stress_mae_raw': 7.343111038208008, 'node_mae': 0.0639612004160881, 'node_mae_raw': 0.05486896634101868, 'node_cosine_sim': 0.20800216495990753, 'fwt_0.03': 0.19999998807907104, 'loss': 4.939634323120117}
Epoch: 25/100, 
 train_metrics: {'data_time': 7.827083269755046e-05, 'train_time': 57.745511876186356, 'energy_reference_mae': 5.5923153559366865, 'energy_mae': 0.046871023873488106, 'energy_mae_raw': 1.2743304173151653, 'stress_mae': 3.4972873528798423, 'stress_mae_raw': 5.697081089019775, 'node_mae': 0.07901902248462041, 'node_mae_raw': 0.06789363051454227, 'node_cosine_sim': 0.2849373271067937, 'fwt_0.03': 0.046875, 'loss': 3.6231773694356284}
 val_metrics: {'energy_reference_mae': 5.31052303314209, 'energy_mae': 0.29439741373062134, 'energy_mae_raw': 3.8979954719543457, 'stress_mae': 4.3911943435668945, 'stress_mae_raw': 7.161755561828613, 'node_mae': 0.06510034203529358, 'node_mae_raw': 0.05594973266124725, 'node_cosine_sim': 0.18543313443660736, 'fwt_0.03': 0.19999998807907104, 'loss': 4.750691890716553}
Epoch: 26/100, 
 train_metrics: {'data_time': 7.485776829222839e-05, 'train_time': 60.82014501839876, 'energy_reference_mae': 5.592255433400472, 'energy_mae': 0.06084464738766352, 'energy_mae_raw': 1.9153785308202107, 'stress_mae': 3.3611555099487305, 'stress_mae_raw': 5.579469362894694, 'node_mae': 0.07860401272773743, 'node_mae_raw': 0.06763811657826106, 'node_cosine_sim': 0.2807345787684123, 'fwt_0.03': 0.046875, 'loss': 3.500604232152303}
 val_metrics: {'energy_reference_mae': 5.310336112976074, 'energy_mae': 0.30708327889442444, 'energy_mae_raw': 5.781347751617432, 'stress_mae': 5.837761878967285, 'stress_mae_raw': 9.70073413848877, 'node_mae': 0.06480540335178375, 'node_mae_raw': 0.05577849596738815, 'node_cosine_sim': 0.18649566173553467, 'fwt_0.03': 0.19999998807907104, 'loss': 6.20965051651001}
Epoch: 27/100, 
 train_metrics: {'data_time': 7.489172276109457e-05, 'train_time': 61.257654725767985, 'energy_reference_mae': 5.592295964558919, 'energy_mae': 0.07024781281749408, 'energy_mae_raw': 1.8579853375752766, 'stress_mae': 2.954643170038859, 'stress_mae_raw': 4.993789831797282, 'node_mae': 0.08342367659012477, 'node_mae_raw': 0.07190313438574474, 'node_cosine_sim': 0.27257439494132996, 'fwt_0.03': 0.046875, 'loss': 3.1083146731058755}
 val_metrics: {'energy_reference_mae': 5.310276031494141, 'energy_mae': 0.2813946604728699, 'energy_mae_raw': 4.030341148376465, 'stress_mae': 5.901782989501953, 'stress_mae_raw': 9.985739707946777, 'node_mae': 0.06270352005958557, 'node_mae_raw': 0.054058291018009186, 'node_cosine_sim': 0.2233014702796936, 'fwt_0.03': 0.19499999284744263, 'loss': 6.245881080627441}
Epoch: 28/100, 
 train_metrics: {'data_time': 8.829663662860791e-05, 'train_time': 59.88973519442758, 'energy_reference_mae': 5.592190583546956, 'energy_mae': 0.07197143634160359, 'energy_mae_raw': 1.7444366415341694, 'stress_mae': 3.4262909094492593, 'stress_mae_raw': 5.892973740895589, 'node_mae': 0.07655435303846995, 'node_mae_raw': 0.06608724097410838, 'node_cosine_sim': 0.27553531030813855, 'fwt_0.03': 0.052083333333333336, 'loss': 3.5748167037963867}
 val_metrics: {'energy_reference_mae': 5.310298442840576, 'energy_mae': 0.27013736963272095, 'energy_mae_raw': 3.998225212097168, 'stress_mae': 5.472236633300781, 'stress_mae_raw': 9.420889854431152, 'node_mae': 0.06120070070028305, 'node_mae_raw': 0.052845411002635956, 'node_cosine_sim': 0.2311558872461319, 'fwt_0.03': 0.1850000023841858, 'loss': 5.803574562072754}
Epoch: 29/100, 
 train_metrics: {'data_time': 6.768996051202218e-05, 'train_time': 56.63000788299056, 'energy_reference_mae': 5.592126369476318, 'energy_mae': 0.056057301660378776, 'energy_mae_raw': 1.5699739456176758, 'stress_mae': 2.8209218978881836, 'stress_mae_raw': 4.933797677357991, 'node_mae': 0.07904204229513805, 'node_mae_raw': 0.06834354375799497, 'node_cosine_sim': 0.2969556351502736, 'fwt_0.03': 0.057291666666666664, 'loss': 2.956021229426066}
 val_metrics: {'energy_reference_mae': 5.310131549835205, 'energy_mae': 0.29630613327026367, 'energy_mae_raw': 4.162693023681641, 'stress_mae': 5.476839542388916, 'stress_mae_raw': 9.588348388671875, 'node_mae': 0.06292029470205307, 'node_mae_raw': 0.05441410467028618, 'node_cosine_sim': 0.19199863076210022, 'fwt_0.03': 0.19499999284744263, 'loss': 5.836065769195557}
Epoch: 30/100, 
 train_metrics: {'data_time': 9.148839550713699e-05, 'train_time': 61.779227603576146, 'energy_reference_mae': 5.592128276824951, 'energy_mae': 0.07397895057996114, 'energy_mae_raw': 1.6296519835789998, 'stress_mae': 3.0078020890553794, 'stress_mae_raw': 5.3463185628255205, 'node_mae': 0.07666974763075511, 'node_mae_raw': 0.0663771703839302, 'node_cosine_sim': 0.2965077410141627, 'fwt_0.03': 0.052083333333333336, 'loss': 3.1584508419036865}
 val_metrics: {'energy_reference_mae': 5.310057640075684, 'energy_mae': 0.2900758981704712, 'energy_mae_raw': 4.447599411010742, 'stress_mae': 5.170864105224609, 'stress_mae_raw': 9.20019817352295, 'node_mae': 0.062051963061094284, 'node_mae_raw': 0.05373578891158104, 'node_cosine_sim': 0.19394047558307648, 'fwt_0.03': 0.20499998331069946, 'loss': 5.52299165725708}
Epoch: 31/100, 
 train_metrics: {'data_time': 7.440887081126372e-05, 'train_time': 62.24394327887179, 'energy_reference_mae': 5.591981410980225, 'energy_mae': 0.061865619073311486, 'energy_mae_raw': 1.7315064271291096, 'stress_mae': 2.721141815185547, 'stress_mae_raw': 4.913102308909099, 'node_mae': 0.07633807758490245, 'node_mae_raw': 0.06619216998418172, 'node_cosine_sim': 0.29155394434928894, 'fwt_0.03': 0.041666666666666664, 'loss': 2.8593455950419107}
 val_metrics: {'energy_reference_mae': 5.310089111328125, 'energy_mae': 0.2499883770942688, 'energy_mae_raw': 3.5886988639831543, 'stress_mae': 4.989011764526367, 'stress_mae_raw': 9.016552925109863, 'node_mae': 0.059684690088033676, 'node_mae_raw': 0.05176259204745293, 'node_cosine_sim': 0.20054644346237183, 'fwt_0.03': 0.20499998331069946, 'loss': 5.298685073852539}
Epoch: 32/100, 
 train_metrics: {'data_time': 8.43219847107927e-05, 'train_time': 59.79868739598896, 'energy_reference_mae': 5.592021624247233, 'energy_mae': 0.05223844572901726, 'energy_mae_raw': 1.544861872990926, 'stress_mae': 2.8901263078053794, 'stress_mae_raw': 5.2981875737508135, 'node_mae': 0.07505541543165843, 'node_mae_raw': 0.06517048055926959, 'node_cosine_sim': 0.27745043238004047, 'fwt_0.03': 0.06770833333333333, 'loss': 3.0174200534820557}
 val_metrics: {'energy_reference_mae': 5.310062408447266, 'energy_mae': 0.2638528645038605, 'energy_mae_raw': 3.582127571105957, 'stress_mae': 5.2991623878479, 'stress_mae_raw': 9.723584175109863, 'node_mae': 0.0611543171107769, 'node_mae_raw': 0.05311210826039314, 'node_cosine_sim': 0.21146711707115173, 'fwt_0.03': 0.19499999284744263, 'loss': 5.624169826507568}
Epoch: 33/100, 
 train_metrics: {'data_time': 5.076115485280752e-05, 'train_time': 58.40225882005567, 'energy_reference_mae': 5.59200382232666, 'energy_mae': 0.037209985156853996, 'energy_mae_raw': 0.9676632881164551, 'stress_mae': 2.4971792697906494, 'stress_mae_raw': 4.646115938822429, 'node_mae': 0.07582292209068935, 'node_mae_raw': 0.0659267542262872, 'node_cosine_sim': 0.2971979081630707, 'fwt_0.03': 0.057291666666666664, 'loss': 2.610212246576945}
 val_metrics: {'energy_reference_mae': 5.309993267059326, 'energy_mae': 0.27682238817214966, 'energy_mae_raw': 3.6898927688598633, 'stress_mae': 4.839710712432861, 'stress_mae_raw': 9.012086868286133, 'node_mae': 0.06114795058965683, 'node_mae_raw': 0.05317743867635727, 'node_cosine_sim': 0.19215260446071625, 'fwt_0.03': 0.19999998807907104, 'loss': 5.1776814460754395}
Epoch: 34/100, 
 train_metrics: {'data_time': 6.0142988028625645e-05, 'train_time': 58.01484000958347, 'energy_reference_mae': 5.591921965281169, 'energy_mae': 0.03667504092057546, 'energy_mae_raw': 1.0323671102523804, 'stress_mae': 2.5365967750549316, 'stress_mae_raw': 4.7871324221293134, 'node_mae': 0.07695422073205312, 'node_mae_raw': 0.06699767336249352, 'node_cosine_sim': 0.27469679713249207, 'fwt_0.03': 0.06770833333333333, 'loss': 2.6502259572347007}
 val_metrics: {'energy_reference_mae': 5.30998420715332, 'energy_mae': 0.25752022862434387, 'energy_mae_raw': 3.680387020111084, 'stress_mae': 4.410431861877441, 'stress_mae_raw': 8.330964088439941, 'node_mae': 0.05831484869122505, 'node_mae_raw': 0.050782278180122375, 'node_cosine_sim': 0.22419539093971252, 'fwt_0.03': 0.20499998331069946, 'loss': 4.726266860961914}
Epoch: 35/100, 
 train_metrics: {'data_time': 7.200338101635377e-05, 'train_time': 57.839106277252235, 'energy_reference_mae': 5.591935316721599, 'energy_mae': 0.04141775767008463, 'energy_mae_raw': 1.0407366355260212, 'stress_mae': 2.1379186312357583, 'stress_mae_raw': 4.091404914855957, 'node_mae': 0.07300095756848653, 'node_mae_raw': 0.06364822884400685, 'node_cosine_sim': 0.29686670502026874, 'fwt_0.03': 0.06770833333333333, 'loss': 2.252337336540222}
 val_metrics: {'energy_reference_mae': 5.309942722320557, 'energy_mae': 0.25522348284721375, 'energy_mae_raw': 3.3861098289489746, 'stress_mae': 4.836816787719727, 'stress_mae_raw': 9.264226913452148, 'node_mae': 0.06200309097766876, 'node_mae_raw': 0.054068244993686676, 'node_cosine_sim': 0.19884712994098663, 'fwt_0.03': 0.19499999284744263, 'loss': 5.154043197631836}
Epoch: 36/100, 
 train_metrics: {'data_time': 8.3601800724864e-05, 'train_time': 57.151480284325466, 'energy_reference_mae': 5.5919270515441895, 'energy_mae': 0.03641260166962942, 'energy_mae_raw': 0.9553122321764628, 'stress_mae': 2.242689530054728, 'stress_mae_raw': 4.350545406341553, 'node_mae': 0.07189146180947621, 'node_mae_raw': 0.06275308628877004, 'node_cosine_sim': 0.2925121486186981, 'fwt_0.03': 0.057291666666666664, 'loss': 2.3509936332702637}
 val_metrics: {'energy_reference_mae': 5.309876918792725, 'energy_mae': 0.2835574746131897, 'energy_mae_raw': 3.7848358154296875, 'stress_mae': 4.87429666519165, 'stress_mae_raw': 9.46304988861084, 'node_mae': 0.059685640037059784, 'node_mae_raw': 0.052111126482486725, 'node_cosine_sim': 0.21056273579597473, 'fwt_0.03': 0.19499999284744263, 'loss': 5.2175397872924805}
Epoch: 37/100, 
 train_metrics: {'data_time': 7.963735455026229e-05, 'train_time': 58.74414806390026, 'energy_reference_mae': 5.59193770090739, 'energy_mae': 0.03475559130311012, 'energy_mae_raw': 0.8677574594815572, 'stress_mae': 2.2142136096954346, 'stress_mae_raw': 4.352099418640137, 'node_mae': 0.06962594141562779, 'node_mae_raw': 0.06085837011535963, 'node_cosine_sim': 0.30498675505320233, 'fwt_0.03': 0.08333333333333333, 'loss': 2.3185951709747314}
 val_metrics: {'energy_reference_mae': 5.30978536605835, 'energy_mae': 0.27435892820358276, 'energy_mae_raw': 3.52693247795105, 'stress_mae': 4.551724910736084, 'stress_mae_raw': 8.953543663024902, 'node_mae': 0.05783664807677269, 'node_mae_raw': 0.05056207627058029, 'node_cosine_sim': 0.19113564491271973, 'fwt_0.03': 0.20499998331069946, 'loss': 4.883920192718506}
Epoch: 38/100, 
 train_metrics: {'data_time': 6.108998786658049e-05, 'train_time': 58.40274994859161, 'energy_reference_mae': 5.591886520385742, 'energy_mae': 0.037088497231403984, 'energy_mae_raw': 0.8992266654968262, 'stress_mae': 2.1280287901560464, 'stress_mae_raw': 4.236764748891194, 'node_mae': 0.07222667833169301, 'node_mae_raw': 0.06320553521315257, 'node_cosine_sim': 0.2940201958020528, 'fwt_0.03': 0.0625, 'loss': 2.237343947092692}
 val_metrics: {'energy_reference_mae': 5.309854507446289, 'energy_mae': 0.2656939923763275, 'energy_mae_raw': 3.7966148853302, 'stress_mae': 4.240027904510498, 'stress_mae_raw': 8.447975158691406, 'node_mae': 0.057820454239845276, 'node_mae_raw': 0.05061059817671776, 'node_cosine_sim': 0.22252626717090607, 'fwt_0.03': 0.19499999284744263, 'loss': 4.563542366027832}
Epoch: 39/100, 
 train_metrics: {'data_time': 6.437348201870918e-05, 'train_time': 57.86290786221313, 'energy_reference_mae': 5.591854254404704, 'energy_mae': 0.036426618695259094, 'energy_mae_raw': 0.8564368287722269, 'stress_mae': 1.9099663893381755, 'stress_mae_raw': 3.850323041280111, 'node_mae': 0.07560657958189647, 'node_mae_raw': 0.06624882792433102, 'node_cosine_sim': 0.3098313758770625, 'fwt_0.03': 0.06770833333333333, 'loss': 2.0219996770222983}
 val_metrics: {'energy_reference_mae': 5.30976676940918, 'energy_mae': 0.2631891369819641, 'energy_mae_raw': 3.6570210456848145, 'stress_mae': 4.346987724304199, 'stress_mae_raw': 8.769676208496094, 'node_mae': 0.059677086770534515, 'node_mae_raw': 0.05229772627353668, 'node_cosine_sim': 0.19893458485603333, 'fwt_0.03': 0.19499999284744263, 'loss': 4.669854164123535}
Epoch: 40/100, 
 train_metrics: {'data_time': 0.00010597523457060258, 'train_time': 59.995778312518574, 'energy_reference_mae': 5.591846148173015, 'energy_mae': 0.039617358396450676, 'energy_mae_raw': 1.2541033426920574, 'stress_mae': 2.0758395989735923, 'stress_mae_raw': 4.236049969991048, 'node_mae': 0.07174563780426979, 'node_mae_raw': 0.06292929500341415, 'node_cosine_sim': 0.30601048469543457, 'fwt_0.03': 0.06770833333333333, 'loss': 2.187202533086141}
 val_metrics: {'energy_reference_mae': 5.309709072113037, 'energy_mae': 0.2627122700214386, 'energy_mae_raw': 3.601358413696289, 'stress_mae': 4.875483512878418, 'stress_mae_raw': 9.956300735473633, 'node_mae': 0.05933153256773949, 'node_mae_raw': 0.052052006125450134, 'node_cosine_sim': 0.20897820591926575, 'fwt_0.03': 0.19499999284744263, 'loss': 5.1975274085998535}
Epoch: 41/100, 
 train_metrics: {'data_time': 0.00010309566278010607, 'train_time': 60.361835885987, 'energy_reference_mae': 5.591814994812012, 'energy_mae': 0.03732565666238467, 'energy_mae_raw': 1.0917852123578389, 'stress_mae': 1.8116919994354248, 'stress_mae_raw': 3.741239388783773, 'node_mae': 0.06989714999993642, 'node_mae_raw': 0.06138401726881663, 'node_cosine_sim': 0.31453793744246167, 'fwt_0.03': 0.052083333333333336, 'loss': 1.918914834658305}
 val_metrics: {'energy_reference_mae': 5.309680461883545, 'energy_mae': 0.2656695544719696, 'energy_mae_raw': 3.4000282287597656, 'stress_mae': 4.392532825469971, 'stress_mae_raw': 9.077157020568848, 'node_mae': 0.05850883573293686, 'node_mae_raw': 0.0513906255364418, 'node_cosine_sim': 0.19000938534736633, 'fwt_0.03': 0.20499998331069946, 'loss': 4.716711044311523}
Epoch: 42/100, 
 train_metrics: {'data_time': 8.006525846819083e-05, 'train_time': 58.39112755667884, 'energy_reference_mae': 5.591812610626221, 'energy_mae': 0.04153469825784365, 'energy_mae_raw': 0.8926968177159628, 'stress_mae': 1.9853500525156658, 'stress_mae_raw': 4.147636651992798, 'node_mae': 0.06898089249928792, 'node_mae_raw': 0.06064291795094808, 'node_cosine_sim': 0.3243098457654317, 'fwt_0.03': 0.0625, 'loss': 2.0958656867345176}
 val_metrics: {'energy_reference_mae': 5.309657096862793, 'energy_mae': 0.2581934332847595, 'energy_mae_raw': 3.2788097858428955, 'stress_mae': 4.459446907043457, 'stress_mae_raw': 9.322874069213867, 'node_mae': 0.05973475053906441, 'node_mae_raw': 0.05252431705594063, 'node_cosine_sim': 0.1876405030488968, 'fwt_0.03': 0.19999998807907104, 'loss': 4.777375221252441}
Epoch: 43/100, 
 train_metrics: {'data_time': 6.771654201050599e-05, 'train_time': 55.81182956097958, 'energy_reference_mae': 5.591786066691081, 'energy_mae': 0.04976378629604975, 'energy_mae_raw': 1.4732125600179036, 'stress_mae': 1.7706397374471028, 'stress_mae_raw': 3.74141796429952, 'node_mae': 0.06666496147712071, 'node_mae_raw': 0.05867323279380798, 'node_cosine_sim': 0.3210720419883728, 'fwt_0.03': 0.0625, 'loss': 1.887068549791972}
 val_metrics: {'energy_reference_mae': 5.309568405151367, 'energy_mae': 0.26136183738708496, 'energy_mae_raw': 3.5000452995300293, 'stress_mae': 4.197822570800781, 'stress_mae_raw': 8.875876426696777, 'node_mae': 0.05761713907122612, 'node_mae_raw': 0.050717368721961975, 'node_cosine_sim': 0.2039095163345337, 'fwt_0.03': 0.19999998807907104, 'loss': 4.516801834106445}
Epoch: 44/100, 
 train_metrics: {'data_time': 6.84539166589578e-05, 'train_time': 57.46971546897354, 'energy_reference_mae': 5.591790358225505, 'energy_mae': 0.049815560380617775, 'energy_mae_raw': 1.4277486403783162, 'stress_mae': 2.0033408800760903, 'stress_mae_raw': 4.280288219451904, 'node_mae': 0.0702933023373286, 'node_mae_raw': 0.06193022305766741, 'node_cosine_sim': 0.2891206244627635, 'fwt_0.03': 0.07291666666666667, 'loss': 2.123449722925822}
 val_metrics: {'energy_reference_mae': 5.3094987869262695, 'energy_mae': 0.28206512331962585, 'energy_mae_raw': 3.778144359588623, 'stress_mae': 3.958157539367676, 'stress_mae_raw': 8.462225914001465, 'node_mae': 0.05640708655118942, 'node_mae_raw': 0.04970606043934822, 'node_cosine_sim': 0.23094895482063293, 'fwt_0.03': 0.19499999284744263, 'loss': 4.296629428863525}
Epoch: 45/100, 
 train_metrics: {'data_time': 5.1041056091586747e-05, 'train_time': 58.80980073742103, 'energy_reference_mae': 5.591846783955892, 'energy_mae': 0.0535529317955176, 'energy_mae_raw': 1.5334197282791138, 'stress_mae': 1.81285293896993, 'stress_mae_raw': 3.9156150817871094, 'node_mae': 0.06993379319707553, 'node_mae_raw': 0.06168796122074127, 'node_cosine_sim': 0.30988013247648877, 'fwt_0.03': 0.06770833333333333, 'loss': 1.9363397359848022}
 val_metrics: {'energy_reference_mae': 5.3094587326049805, 'energy_mae': 0.3068968653678894, 'energy_mae_raw': 4.305779457092285, 'stress_mae': 4.194339275360107, 'stress_mae_raw': 9.064748764038086, 'node_mae': 0.058020539581775665, 'node_mae_raw': 0.05118563771247864, 'node_cosine_sim': 0.19857236742973328, 'fwt_0.03': 0.19999998807907104, 'loss': 4.559256553649902}
Epoch: 46/100, 
 train_metrics: {'data_time': 7.503405989458163e-05, 'train_time': 56.82706802575073, 'energy_reference_mae': 5.591780185699463, 'energy_mae': 0.050453171133995056, 'energy_mae_raw': 1.529167155424754, 'stress_mae': 1.6779848734537761, 'stress_mae_raw': 3.662755250930786, 'node_mae': 0.06547621885935466, 'node_mae_raw': 0.05780259768168131, 'node_cosine_sim': 0.32414308190345764, 'fwt_0.03': 0.08333333333333333, 'loss': 1.7939142783482869}
 val_metrics: {'energy_reference_mae': 5.309421062469482, 'energy_mae': 0.2699432969093323, 'energy_mae_raw': 3.5790181159973145, 'stress_mae': 4.478653430938721, 'stress_mae_raw': 9.782218933105469, 'node_mae': 0.059427596628665924, 'node_mae_raw': 0.05247163027524948, 'node_cosine_sim': 0.19000244140625, 'fwt_0.03': 0.19999998807907104, 'loss': 4.8080244064331055}
Epoch: 47/100, 
 train_metrics: {'data_time': 0.00012368770937124887, 'train_time': 58.08630553834761, 'energy_reference_mae': 5.591704527537028, 'energy_mae': 0.030573363105456035, 'energy_mae_raw': 0.6878781318664551, 'stress_mae': 1.6206996043523152, 'stress_mae_raw': 3.574578126271566, 'node_mae': 0.06369177748759587, 'node_mae_raw': 0.056286536157131195, 'node_cosine_sim': 0.32444730401039124, 'fwt_0.03': 0.0625, 'loss': 1.714964747428894}
 val_metrics: {'energy_reference_mae': 5.309377670288086, 'energy_mae': 0.2744385600090027, 'energy_mae_raw': 3.551136016845703, 'stress_mae': 4.111368179321289, 'stress_mae_raw': 9.07354736328125, 'node_mae': 0.057807449251413345, 'node_mae_raw': 0.05109428986907005, 'node_cosine_sim': 0.19843241572380066, 'fwt_0.03': 0.19999998807907104, 'loss': 4.4436140060424805}
Epoch: 48/100, 
 train_metrics: {'data_time': 8.02504364401102e-05, 'train_time': 59.82565223503237, 'energy_reference_mae': 5.59171199798584, 'energy_mae': 0.03189928581317266, 'energy_mae_raw': 0.9158669908841451, 'stress_mae': 1.5303424994150798, 'stress_mae_raw': 3.4098214308420816, 'node_mae': 0.0632434996465842, 'node_mae_raw': 0.055942174047231674, 'node_cosine_sim': 0.3257625550031662, 'fwt_0.03': 0.08333333333333333, 'loss': 1.6254853010177612}
 val_metrics: {'energy_reference_mae': 5.309337615966797, 'energy_mae': 0.2695131003856659, 'energy_mae_raw': 3.649691581726074, 'stress_mae': 3.9544968605041504, 'stress_mae_raw': 8.81633186340332, 'node_mae': 0.056356944143772125, 'node_mae_raw': 0.04985810071229935, 'node_cosine_sim': 0.2056228518486023, 'fwt_0.03': 0.19999998807907104, 'loss': 4.280366897583008}
Epoch: 49/100, 
 train_metrics: {'data_time': 7.804750930517912e-05, 'train_time': 57.84301660295265, 'energy_reference_mae': 5.5917181968688965, 'energy_mae': 0.026846473415692646, 'energy_mae_raw': 0.6979675690333048, 'stress_mae': 1.5486405690511067, 'stress_mae_raw': 3.485124667485555, 'node_mae': 0.06206383556127548, 'node_mae_raw': 0.05495412771900495, 'node_cosine_sim': 0.3187980155150096, 'fwt_0.03': 0.06770833333333333, 'loss': 1.637550910313924}
 val_metrics: {'energy_reference_mae': 5.309353828430176, 'energy_mae': 0.2699713110923767, 'energy_mae_raw': 3.357168674468994, 'stress_mae': 4.1792073249816895, 'stress_mae_raw': 9.41044807434082, 'node_mae': 0.05803695693612099, 'node_mae_raw': 0.05139514058828354, 'node_cosine_sim': 0.19209933280944824, 'fwt_0.03': 0.19999998807907104, 'loss': 4.50721549987793}
Epoch: 50/100, 
 train_metrics: {'data_time': 7.795429943750302e-05, 'train_time': 60.467065035637155, 'energy_reference_mae': 5.591699759165446, 'energy_mae': 0.025185613582531612, 'energy_mae_raw': 0.687540332476298, 'stress_mae': 1.5736664533615112, 'stress_mae_raw': 3.576154947280884, 'node_mae': 0.06199584280451139, 'node_mae_raw': 0.054935913532972336, 'node_cosine_sim': 0.32344580193360645, 'fwt_0.03': 0.07291666666666667, 'loss': 1.6608478625615437}
 val_metrics: {'energy_reference_mae': 5.309309959411621, 'energy_mae': 0.2750065326690674, 'energy_mae_raw': 3.5844955444335938, 'stress_mae': 4.272073268890381, 'stress_mae_raw': 9.713601112365723, 'node_mae': 0.05823156237602234, 'node_mae_raw': 0.05160848796367645, 'node_cosine_sim': 0.19134792685508728, 'fwt_0.03': 0.19999998807907104, 'loss': 4.605311393737793}
Epoch: 51/100, 
 train_metrics: {'data_time': 6.76612447326382e-05, 'train_time': 60.34944526144924, 'energy_reference_mae': 5.591684341430664, 'energy_mae': 0.028510883450508118, 'energy_mae_raw': 0.8053367932637533, 'stress_mae': 1.4373265902201335, 'stress_mae_raw': 3.2976521650950112, 'node_mae': 0.06197701891263326, 'node_mae_raw': 0.05497154096762339, 'node_cosine_sim': 0.3286657432715098, 'fwt_0.03': 0.06770833333333333, 'loss': 1.527814467748006}
 val_metrics: {'energy_reference_mae': 5.309317588806152, 'energy_mae': 0.28122371435165405, 'energy_mae_raw': 3.654341697692871, 'stress_mae': 4.025745868682861, 'stress_mae_raw': 9.241438865661621, 'node_mae': 0.06006363779306412, 'node_mae_raw': 0.053280945867300034, 'node_cosine_sim': 0.2094879150390625, 'fwt_0.03': 0.19499999284744263, 'loss': 4.3670334815979}
Epoch: 52/100, 
 train_metrics: {'data_time': 6.237191458543141e-05, 'train_time': 58.43869758505995, 'energy_reference_mae': 5.591666539510091, 'energy_mae': 0.025238366176684696, 'energy_mae_raw': 0.7248263359069824, 'stress_mae': 1.464171051979065, 'stress_mae_raw': 3.3909529050191245, 'node_mae': 0.06011138235529264, 'node_mae_raw': 0.05336238692204157, 'node_cosine_sim': 0.335332324107488, 'fwt_0.03': 0.06770833333333333, 'loss': 1.5495208501815796}
 val_metrics: {'energy_reference_mae': 5.309260845184326, 'energy_mae': 0.2654411196708679, 'energy_mae_raw': 3.4100520610809326, 'stress_mae': 4.067378044128418, 'stress_mae_raw': 9.424919128417969, 'node_mae': 0.0605747364461422, 'node_mae_raw': 0.05378255248069763, 'node_cosine_sim': 0.19268906116485596, 'fwt_0.03': 0.19499999284744263, 'loss': 4.393393516540527}
Epoch: 53/100, 
 train_metrics: {'data_time': 7.962676075597604e-05, 'train_time': 61.456139050346486, 'energy_reference_mae': 5.591630617777507, 'energy_mae': 0.02841765061020851, 'energy_mae_raw': 0.7913360397020975, 'stress_mae': 1.4975661039352417, 'stress_mae_raw': 3.5002782344818115, 'node_mae': 0.060286915550629296, 'node_mae_raw': 0.05356774851679802, 'node_cosine_sim': 0.3287636836369832, 'fwt_0.03': 0.06770833333333333, 'loss': 1.5862706502278645}
 val_metrics: {'energy_reference_mae': 5.309255599975586, 'energy_mae': 0.2654838562011719, 'energy_mae_raw': 3.3189799785614014, 'stress_mae': 3.905224323272705, 'stress_mae_raw': 9.132757186889648, 'node_mae': 0.057902779430150986, 'node_mae_raw': 0.051455698907375336, 'node_cosine_sim': 0.20281919836997986, 'fwt_0.03': 0.19999998807907104, 'loss': 4.228610992431641}
Epoch: 54/100, 
 train_metrics: {'data_time': 9.620115937044223e-05, 'train_time': 60.767855497038305, 'energy_reference_mae': 5.591607093811035, 'energy_mae': 0.03380089874068896, 'energy_mae_raw': 0.9966122110684713, 'stress_mae': 1.3795568148295085, 'stress_mae_raw': 3.253828525543213, 'node_mae': 0.06040304650863012, 'node_mae_raw': 0.05371160556872686, 'node_cosine_sim': 0.32996273040771484, 'fwt_0.03': 0.0625, 'loss': 1.4737608035405476}
 val_metrics: {'energy_reference_mae': 5.309269905090332, 'energy_mae': 0.27843019366264343, 'energy_mae_raw': 3.4876317977905273, 'stress_mae': 3.715420722961426, 'stress_mae_raw': 8.767601013183594, 'node_mae': 0.058279868215322495, 'node_mae_raw': 0.05183027684688568, 'node_cosine_sim': 0.2061019241809845, 'fwt_0.03': 0.19499999284744263, 'loss': 4.052130699157715}
Epoch: 55/100, 
 train_metrics: {'data_time': 6.803528716166814e-05, 'train_time': 57.12002290886206, 'energy_reference_mae': 5.591602007548015, 'energy_mae': 0.026788131644328434, 'energy_mae_raw': 0.7007606426874796, 'stress_mae': 1.4128816922505696, 'stress_mae_raw': 3.362020572026571, 'node_mae': 0.058318799982468285, 'node_mae_raw': 0.051902261873086296, 'node_cosine_sim': 0.33864474793275195, 'fwt_0.03': 0.06770833333333333, 'loss': 1.4979885816574097}
 val_metrics: {'energy_reference_mae': 5.309173583984375, 'energy_mae': 0.27167582511901855, 'energy_mae_raw': 3.4206175804138184, 'stress_mae': 3.9580893516540527, 'stress_mae_raw': 9.423443794250488, 'node_mae': 0.06231934577226639, 'node_mae_raw': 0.05546916648745537, 'node_cosine_sim': 0.1933038830757141, 'fwt_0.03': 0.19499999284744263, 'loss': 4.292084217071533}
Epoch: 56/100, 
 train_metrics: {'data_time': 0.00011229771189391613, 'train_time': 61.676998238583714, 'energy_reference_mae': 5.591573079427083, 'energy_mae': 0.022859991838534672, 'energy_mae_raw': 0.6032373905181885, 'stress_mae': 1.3939011891682942, 'stress_mae_raw': 3.3459386030832925, 'node_mae': 0.05811747287710508, 'node_mae_raw': 0.0517597533762455, 'node_cosine_sim': 0.33679725726445514, 'fwt_0.03': 0.07291666666666667, 'loss': 1.4748786290486653}
 val_metrics: {'energy_reference_mae': 5.309110641479492, 'energy_mae': 0.2693758010864258, 'energy_mae_raw': 3.340259313583374, 'stress_mae': 3.834235668182373, 'stress_mae_raw': 9.20827865600586, 'node_mae': 0.057067275047302246, 'node_mae_raw': 0.05083141475915909, 'node_cosine_sim': 0.20269672572612762, 'fwt_0.03': 0.19499999284744263, 'loss': 4.160678863525391}
Epoch: 57/100, 
 train_metrics: {'data_time': 5.199799003700415e-05, 'train_time': 59.35857221763581, 'energy_reference_mae': 5.591610272725423, 'energy_mae': 0.030839834362268448, 'energy_mae_raw': 0.8857924342155457, 'stress_mae': 1.329161524772644, 'stress_mae_raw': 3.21793802579244, 'node_mae': 0.058001687129338585, 'node_mae_raw': 0.051697454104820885, 'node_cosine_sim': 0.33551157514254254, 'fwt_0.03': 0.07291666666666667, 'loss': 1.4180030425389607}
 val_metrics: {'energy_reference_mae': 5.30914831161499, 'energy_mae': 0.2763403356075287, 'energy_mae_raw': 3.4384028911590576, 'stress_mae': 3.8882179260253906, 'stress_mae_raw': 9.418184280395508, 'node_mae': 0.05794145166873932, 'node_mae_raw': 0.051648978143930435, 'node_cosine_sim': 0.19313807785511017, 'fwt_0.03': 0.19499999284744263, 'loss': 4.222499847412109}
Epoch: 58/100, 
 train_metrics: {'data_time': 0.00011991305897633235, 'train_time': 59.731405037338845, 'energy_reference_mae': 5.591580073038737, 'energy_mae': 0.021104658643404644, 'energy_mae_raw': 0.5337145328521729, 'stress_mae': 1.2535865704218547, 'stress_mae_raw': 3.060626824696859, 'node_mae': 0.05720637614528338, 'node_mae_raw': 0.0510240855316321, 'node_cosine_sim': 0.3333408832550049, 'fwt_0.03': 0.08333333333333333, 'loss': 1.3318976163864136}
 val_metrics: {'energy_reference_mae': 5.3091630935668945, 'energy_mae': 0.26051265001296997, 'energy_mae_raw': 3.372222661972046, 'stress_mae': 3.708245038986206, 'stress_mae_raw': 9.057965278625488, 'node_mae': 0.0572451576590538, 'node_mae_raw': 0.05106581002473831, 'node_cosine_sim': 0.21060526371002197, 'fwt_0.03': 0.19499999284744263, 'loss': 4.026002883911133}
Epoch: 59/100, 
 train_metrics: {'data_time': 6.128013289223115e-05, 'train_time': 57.43709411662227, 'energy_reference_mae': 5.591581026713054, 'energy_mae': 0.028212429334719975, 'energy_mae_raw': 0.9330242474873861, 'stress_mae': 1.2730766534805298, 'stress_mae_raw': 3.133991797765096, 'node_mae': 0.0575318398574988, 'node_mae_raw': 0.051354650408029556, 'node_cosine_sim': 0.3411254584789276, 'fwt_0.03': 0.06770833333333333, 'loss': 1.358820875485738}
 val_metrics: {'energy_reference_mae': 5.309149742126465, 'energy_mae': 0.28015953302383423, 'energy_mae_raw': 3.536083936691284, 'stress_mae': 3.9474563598632812, 'stress_mae_raw': 9.722270011901855, 'node_mae': 0.05769943818449974, 'node_mae_raw': 0.051508232951164246, 'node_cosine_sim': 0.19523006677627563, 'fwt_0.03': 0.19999998807907104, 'loss': 4.285315036773682}
Epoch: 60/100, 
 train_metrics: {'data_time': 0.00013341207522898912, 'train_time': 59.3032341375947, 'energy_reference_mae': 5.591560363769531, 'energy_mae': 0.021644310404857, 'energy_mae_raw': 0.5760628680388132, 'stress_mae': 1.206079641977946, 'stress_mae_raw': 2.9932408332824707, 'node_mae': 0.05778683225313822, 'node_mae_raw': 0.05161306634545326, 'node_cosine_sim': 0.354033499956131, 'fwt_0.03': 0.06770833333333333, 'loss': 1.285510778427124}
 val_metrics: {'energy_reference_mae': 5.309107780456543, 'energy_mae': 0.27577105164527893, 'energy_mae_raw': 3.5168070793151855, 'stress_mae': 3.877652883529663, 'stress_mae_raw': 9.628219604492188, 'node_mae': 0.058886054903268814, 'node_mae_raw': 0.05260197073221207, 'node_cosine_sim': 0.19245058298110962, 'fwt_0.03': 0.19999998807907104, 'loss': 4.212309837341309}
Epoch: 61/100, 
 train_metrics: {'data_time': 8.455640636384487e-05, 'train_time': 59.461952863261104, 'energy_reference_mae': 5.591541608174642, 'energy_mae': 0.02456877256433169, 'energy_mae_raw': 0.5133535861968994, 'stress_mae': 1.2766380707422893, 'stress_mae_raw': 3.193894068400065, 'node_mae': 0.05743192881345749, 'node_mae_raw': 0.05133353918790817, 'node_cosine_sim': 0.3292749226093292, 'fwt_0.03': 0.078125, 'loss': 1.3586388031641643}
 val_metrics: {'energy_reference_mae': 5.309117317199707, 'energy_mae': 0.26332372426986694, 'energy_mae_raw': 3.3417749404907227, 'stress_mae': 3.329500436782837, 'stress_mae_raw': 8.333451271057129, 'node_mae': 0.0579102598130703, 'node_mae_raw': 0.051767103374004364, 'node_cosine_sim': 0.21879830956459045, 'fwt_0.03': 0.19499999284744263, 'loss': 3.6507344245910645}
Epoch: 62/100, 
 train_metrics: {'data_time': 5.599476086596648e-05, 'train_time': 59.490308836529344, 'energy_reference_mae': 5.591532548268636, 'energy_mae': 0.022619176656007767, 'energy_mae_raw': 0.5964214901129404, 'stress_mae': 1.4283756415049236, 'stress_mae_raw': 3.6017492612202964, 'node_mae': 0.05818078046043714, 'node_mae_raw': 0.05204363291462263, 'node_cosine_sim': 0.337341566880544, 'fwt_0.03': 0.057291666666666664, 'loss': 1.5091756184895833}
 val_metrics: {'energy_reference_mae': 5.309150695800781, 'energy_mae': 0.26826339960098267, 'energy_mae_raw': 3.4113147258758545, 'stress_mae': 3.6077115535736084, 'stress_mae_raw': 9.101136207580566, 'node_mae': 0.059159278869628906, 'node_mae_raw': 0.05292346701025963, 'node_cosine_sim': 0.2096693366765976, 'fwt_0.03': 0.19499999284744263, 'loss': 3.935134172439575}
Epoch: 63/100, 
 train_metrics: {'data_time': 5.8143826511998974e-05, 'train_time': 59.47176219111619, 'energy_reference_mae': 5.591514428456624, 'energy_mae': 0.031652238219976425, 'energy_mae_raw': 0.7810563445091248, 'stress_mae': 1.3404040733973186, 'stress_mae_raw': 3.4061642487843833, 'node_mae': 0.05747100089987119, 'node_mae_raw': 0.05143389602502187, 'node_cosine_sim': 0.3361549327770869, 'fwt_0.03': 0.08854166666666667, 'loss': 1.4295273621877034}
 val_metrics: {'energy_reference_mae': 5.309150218963623, 'energy_mae': 0.2630675733089447, 'energy_mae_raw': 3.2462620735168457, 'stress_mae': 3.554819107055664, 'stress_mae_raw': 9.037378311157227, 'node_mae': 0.05712107941508293, 'node_mae_raw': 0.051126353442668915, 'node_cosine_sim': 0.2151632308959961, 'fwt_0.03': 0.1899999976158142, 'loss': 3.8750076293945312}
Epoch: 64/100, 
 train_metrics: {'data_time': 6.758984333525102e-05, 'train_time': 60.64260731175697, 'energy_reference_mae': 5.591495196024577, 'energy_mae': 0.02718808377782504, 'energy_mae_raw': 0.6818545063336691, 'stress_mae': 1.2920331557591755, 'stress_mae_raw': 3.3084522088368735, 'node_mae': 0.05601118256648382, 'node_mae_raw': 0.05016248052318891, 'node_cosine_sim': 0.33473310867945355, 'fwt_0.03': 0.09895833333333333, 'loss': 1.375232458114624}
 val_metrics: {'energy_reference_mae': 5.309144020080566, 'energy_mae': 0.2683669328689575, 'energy_mae_raw': 3.4042742252349854, 'stress_mae': 3.6658401489257812, 'stress_mae_raw': 9.390912055969238, 'node_mae': 0.057081177830696106, 'node_mae_raw': 0.05112510174512863, 'node_cosine_sim': 0.2196459174156189, 'fwt_0.03': 0.1899999976158142, 'loss': 3.991288185119629}
Epoch: 65/100, 
 train_metrics: {'data_time': 4.8056283655265965e-05, 'train_time': 59.52231133325646, 'energy_reference_mae': 5.5914866129557295, 'energy_mae': 0.032179576655228935, 'energy_mae_raw': 0.7366381088892618, 'stress_mae': 1.3777196009953816, 'stress_mae_raw': 3.554462750752767, 'node_mae': 0.05591140314936638, 'node_mae_raw': 0.050102103501558304, 'node_cosine_sim': 0.33042876919110614, 'fwt_0.03': 0.06770833333333333, 'loss': 1.4658105373382568}
 val_metrics: {'energy_reference_mae': 5.309063911437988, 'energy_mae': 0.2865471839904785, 'energy_mae_raw': 3.7401697635650635, 'stress_mae': 3.72178053855896, 'stress_mae_raw': 9.60609245300293, 'node_mae': 0.056763358414173126, 'node_mae_raw': 0.050870880484580994, 'node_cosine_sim': 0.22079285979270935, 'fwt_0.03': 0.1899999976158142, 'loss': 4.065090656280518}
Epoch: 66/100, 
 train_metrics: {'data_time': 0.0001392723061144352, 'train_time': 63.849100845012195, 'energy_reference_mae': 5.59147294362386, 'energy_mae': 0.03165436784426371, 'energy_mae_raw': 0.7222236196200053, 'stress_mae': 1.862135410308838, 'stress_mae_raw': 4.840061505635579, 'node_mae': 0.061573684215545654, 'node_mae_raw': 0.055213904629151024, 'node_cosine_sim': 0.348628302415212, 'fwt_0.03': 0.052083333333333336, 'loss': 1.955363432566325}
 val_metrics: {'energy_reference_mae': 5.3089704513549805, 'energy_mae': 0.26676249504089355, 'energy_mae_raw': 3.5374131202697754, 'stress_mae': 3.8976078033447266, 'stress_mae_raw': 10.13451862335205, 'node_mae': 0.05607110261917114, 'node_mae_raw': 0.05028336122632027, 'node_cosine_sim': 0.19161276519298553, 'fwt_0.03': 0.1899999976158142, 'loss': 4.220441818237305}
Epoch: 67/100, 
 train_metrics: {'data_time': 8.454294099162023e-05, 'train_time': 58.64415242216395, 'energy_reference_mae': 5.591402053833008, 'energy_mae': 0.023737281560897827, 'energy_mae_raw': 0.7223532398541769, 'stress_mae': 1.2275192340215046, 'stress_mae_raw': 3.2138713200887046, 'node_mae': 0.05626071741183599, 'node_mae_raw': 0.05047254388531049, 'node_cosine_sim': 0.3451692263285319, 'fwt_0.03': 0.06770833333333333, 'loss': 1.3075172503789265}
 val_metrics: {'energy_reference_mae': 5.308908939361572, 'energy_mae': 0.2664271593093872, 'energy_mae_raw': 3.3781800270080566, 'stress_mae': 3.4839894771575928, 'stress_mae_raw': 9.125364303588867, 'node_mae': 0.055291831493377686, 'node_mae_raw': 0.0496087446808815, 'node_cosine_sim': 0.20435597002506256, 'fwt_0.03': 0.19499999284744263, 'loss': 3.805708646774292}
Epoch: 68/100, 
 train_metrics: {'data_time': 8.79924821977814e-05, 'train_time': 58.07844561361708, 'energy_reference_mae': 5.5913627942403155, 'energy_mae': 0.02654373397429784, 'energy_mae_raw': 0.7467548251152039, 'stress_mae': 1.1799355347951253, 'stress_mae_raw': 3.11155112584432, 'node_mae': 0.054907930394013725, 'node_mae_raw': 0.049290294448534645, 'node_cosine_sim': 0.3490970532099406, 'fwt_0.03': 0.09895833333333333, 'loss': 1.2613871494928997}
 val_metrics: {'energy_reference_mae': 5.30885124206543, 'energy_mae': 0.2709862291812897, 'energy_mae_raw': 3.2548670768737793, 'stress_mae': 3.3914895057678223, 'stress_mae_raw': 8.947073936462402, 'node_mae': 0.058368019759655, 'node_mae_raw': 0.05240060016512871, 'node_cosine_sim': 0.21021854877471924, 'fwt_0.03': 0.19499999284744263, 'loss': 3.72084379196167}
Epoch: 69/100, 
 train_metrics: {'data_time': 5.5983313359320164e-05, 'train_time': 57.874893292901106, 'energy_reference_mae': 5.5913980801900225, 'energy_mae': 0.022550012916326523, 'energy_mae_raw': 0.6490509907404581, 'stress_mae': 1.2091010014216106, 'stress_mae_raw': 3.2110958099365234, 'node_mae': 0.05434796338280042, 'node_mae_raw': 0.04881016785899798, 'node_cosine_sim': 0.3550112048784892, 'fwt_0.03': 0.08333333333333333, 'loss': 1.2859989007314045}
 val_metrics: {'energy_reference_mae': 5.308841705322266, 'energy_mae': 0.2696918547153473, 'energy_mae_raw': 3.1749582290649414, 'stress_mae': 3.4192607402801514, 'stress_mae_raw': 9.084430694580078, 'node_mae': 0.057799503207206726, 'node_mae_raw': 0.05191449448466301, 'node_cosine_sim': 0.22398124635219574, 'fwt_0.03': 0.1899999976158142, 'loss': 3.7467522621154785}
Epoch: 70/100, 
 train_metrics: {'data_time': 6.459657258043687e-05, 'train_time': 59.25502699260445, 'energy_reference_mae': 5.591383139292399, 'energy_mae': 0.024816573907931645, 'energy_mae_raw': 0.6656479438145956, 'stress_mae': 1.2137584288914998, 'stress_mae_raw': 3.2460288206736245, 'node_mae': 0.053687134136756264, 'node_mae_raw': 0.04824455827474594, 'node_cosine_sim': 0.35284281770388287, 'fwt_0.03': 0.078125, 'loss': 1.292262117067973}
 val_metrics: {'energy_reference_mae': 5.308826923370361, 'energy_mae': 0.2834818363189697, 'energy_mae_raw': 3.3731255531311035, 'stress_mae': 3.4534387588500977, 'stress_mae_raw': 9.23941707611084, 'node_mae': 0.055905941873788834, 'node_mae_raw': 0.05024183169007301, 'node_cosine_sim': 0.20977936685085297, 'fwt_0.03': 0.1899999976158142, 'loss': 3.7928266525268555}
Epoch: 71/100, 
 train_metrics: {'data_time': 6.314762867987156e-05, 'train_time': 59.192208035422176, 'energy_reference_mae': 5.591391245524089, 'energy_mae': 0.025119781494140625, 'energy_mae_raw': 0.6587198376655579, 'stress_mae': 1.42806343237559, 'stress_mae_raw': 3.845618724822998, 'node_mae': 0.05554070696234703, 'node_mae_raw': 0.049933843314647675, 'node_cosine_sim': 0.35759587089220685, 'fwt_0.03': 0.06770833333333333, 'loss': 1.5087238550186157}
 val_metrics: {'energy_reference_mae': 5.308737754821777, 'energy_mae': 0.2800796926021576, 'energy_mae_raw': 3.5222883224487305, 'stress_mae': 3.4090497493743896, 'stress_mae_raw': 9.183588981628418, 'node_mae': 0.0560709647834301, 'node_mae_raw': 0.05041458085179329, 'node_cosine_sim': 0.19701239466667175, 'fwt_0.03': 0.1899999976158142, 'loss': 3.7452003955841064}
Epoch: 72/100, 
 train_metrics: {'data_time': 9.26385788867871e-05, 'train_time': 58.221592744501926, 'energy_reference_mae': 5.5913723309834795, 'energy_mae': 0.023299992084503174, 'energy_mae_raw': 0.5421885053316752, 'stress_mae': 1.1383054653803508, 'stress_mae_raw': 3.086206038792928, 'node_mae': 0.053242248793443046, 'node_mae_raw': 0.0478911337753137, 'node_cosine_sim': 0.35636083285013836, 'fwt_0.03': 0.07291666666666667, 'loss': 1.214847723642985}
 val_metrics: {'energy_reference_mae': 5.308741569519043, 'energy_mae': 0.267543762922287, 'energy_mae_raw': 3.391448497772217, 'stress_mae': 3.4768080711364746, 'stress_mae_raw': 9.429896354675293, 'node_mae': 0.05618844926357269, 'node_mae_raw': 0.05054544284939766, 'node_cosine_sim': 0.197182297706604, 'fwt_0.03': 0.19999998807907104, 'loss': 3.8005402088165283}
Epoch: 73/100, 
 train_metrics: {'data_time': 8.217198774218559e-05, 'train_time': 60.628193722067714, 'energy_reference_mae': 5.591335932413737, 'energy_mae': 0.022874779999256134, 'energy_mae_raw': 0.6021793584028879, 'stress_mae': 1.0901039441426594, 'stress_mae_raw': 2.9753111203511557, 'node_mae': 0.052764965842167534, 'node_mae_raw': 0.04748394712805748, 'node_cosine_sim': 0.3600100874900818, 'fwt_0.03': 0.08333333333333333, 'loss': 1.1657437086105347}
 val_metrics: {'energy_reference_mae': 5.30881929397583, 'energy_mae': 0.26249754428863525, 'energy_mae_raw': 3.2047479152679443, 'stress_mae': 3.3139524459838867, 'stress_mae_raw': 9.048545837402344, 'node_mae': 0.05717281252145767, 'node_mae_raw': 0.05145471543073654, 'node_cosine_sim': 0.2053016871213913, 'fwt_0.03': 0.19499999284744263, 'loss': 3.633622646331787}
Epoch: 74/100, 
 train_metrics: {'data_time': 6.532447878271341e-05, 'train_time': 60.042577133048326, 'energy_reference_mae': 5.591333389282227, 'energy_mae': 0.021042950451374054, 'energy_mae_raw': 0.574047178030014, 'stress_mae': 1.0827282667160034, 'stress_mae_raw': 2.9747989972432456, 'node_mae': 0.05242207025488218, 'node_mae_raw': 0.04719581454992294, 'node_cosine_sim': 0.3608771661917369, 'fwt_0.03': 0.10416666666666667, 'loss': 1.1561932563781738}
 val_metrics: {'energy_reference_mae': 5.3088274002075195, 'energy_mae': 0.2603166103363037, 'energy_mae_raw': 3.032376766204834, 'stress_mae': 3.325568199157715, 'stress_mae_raw': 9.140405654907227, 'node_mae': 0.05814214050769806, 'node_mae_raw': 0.052348941564559937, 'node_cosine_sim': 0.2132989764213562, 'fwt_0.03': 0.19499999284744263, 'loss': 3.6440269947052}
Epoch: 75/100, 
 train_metrics: {'data_time': 6.46197780345877e-05, 'train_time': 61.980058293323964, 'energy_reference_mae': 5.591343243916829, 'energy_mae': 0.02818820873896281, 'energy_mae_raw': 0.7606651782989502, 'stress_mae': 0.9848260482152303, 'stress_mae_raw': 2.7235143184661865, 'node_mae': 0.051955649008353554, 'node_mae_raw': 0.04679460451006889, 'node_cosine_sim': 0.35615165034929913, 'fwt_0.03': 0.08333333333333333, 'loss': 1.0649699370066326}
 val_metrics: {'energy_reference_mae': 5.308815002441406, 'energy_mae': 0.28061234951019287, 'energy_mae_raw': 3.2955970764160156, 'stress_mae': 3.3133726119995117, 'stress_mae_raw': 9.166419982910156, 'node_mae': 0.057689160108566284, 'node_mae_raw': 0.05196240916848183, 'node_cosine_sim': 0.21934041380882263, 'fwt_0.03': 0.1899999976158142, 'loss': 3.651674270629883}
Epoch: 76/100, 
 train_metrics: {'data_time': 6.53742269302408e-05, 'train_time': 60.46090371161699, 'energy_reference_mae': 5.591364860534668, 'energy_mae': 0.02256449932853381, 'energy_mae_raw': 0.6345248619715372, 'stress_mae': 1.206496795018514, 'stress_mae_raw': 3.358063220977783, 'node_mae': 0.05282037456830343, 'node_mae_raw': 0.047596933941046395, 'node_cosine_sim': 0.35601861278216046, 'fwt_0.03': 0.078125, 'loss': 1.2818816502888997}
 val_metrics: {'energy_reference_mae': 5.308770656585693, 'energy_mae': 0.277677983045578, 'energy_mae_raw': 3.333415985107422, 'stress_mae': 3.303407669067383, 'stress_mae_raw': 9.197772979736328, 'node_mae': 0.05628880858421326, 'node_mae_raw': 0.05072513595223427, 'node_cosine_sim': 0.20475603640079498, 'fwt_0.03': 0.1899999976158142, 'loss': 3.6373744010925293}
Epoch: 77/100, 
 train_metrics: {'data_time': 7.575164393832286e-05, 'train_time': 62.67228319930533, 'energy_reference_mae': 5.591319561004639, 'energy_mae': 0.019262635459502537, 'energy_mae_raw': 0.5072007477283478, 'stress_mae': 1.1295416752497356, 'stress_mae_raw': 3.163970867792765, 'node_mae': 0.05156021316846212, 'node_mae_raw': 0.04647873714566231, 'node_cosine_sim': 0.35939239462216693, 'fwt_0.03': 0.07291666666666667, 'loss': 1.2003644704818726}
 val_metrics: {'energy_reference_mae': 5.308740139007568, 'energy_mae': 0.2642905116081238, 'energy_mae_raw': 3.243396282196045, 'stress_mae': 3.4166293144226074, 'stress_mae_raw': 9.57359504699707, 'node_mae': 0.05595890432596207, 'node_mae_raw': 0.0504472479224205, 'node_cosine_sim': 0.19959846138954163, 'fwt_0.03': 0.19499999284744263, 'loss': 3.7368788719177246}
Epoch: 78/100, 
 train_metrics: {'data_time': 0.00011050379058967034, 'train_time': 59.990260138253994, 'energy_reference_mae': 5.591283480326335, 'energy_mae': 0.014898677666982016, 'energy_mae_raw': 0.38893377780914307, 'stress_mae': 1.0211074550946553, 'stress_mae_raw': 2.878151257832845, 'node_mae': 0.05158534646034241, 'node_mae_raw': 0.046518512070178986, 'node_cosine_sim': 0.36397653818130493, 'fwt_0.03': 0.08333333333333333, 'loss': 1.0875914494196575}
 val_metrics: {'energy_reference_mae': 5.308767318725586, 'energy_mae': 0.2648787200450897, 'energy_mae_raw': 3.1764461994171143, 'stress_mae': 3.2491207122802734, 'stress_mae_raw': 9.161481857299805, 'node_mae': 0.056488052010536194, 'node_mae_raw': 0.05094311013817787, 'node_cosine_sim': 0.20745091140270233, 'fwt_0.03': 0.19499999284744263, 'loss': 3.5704874992370605}
Epoch: 79/100, 
 train_metrics: {'data_time': 6.621765593687694e-05, 'train_time': 58.73052862243882, 'energy_reference_mae': 5.591277917226155, 'energy_mae': 0.01839187244574229, 'energy_mae_raw': 0.4865681827068329, 'stress_mae': 0.9786995053291321, 'stress_mae_raw': 2.7757936318715415, 'node_mae': 0.05137772485613823, 'node_mae_raw': 0.04634779070814451, 'node_cosine_sim': 0.35992249846458435, 'fwt_0.03': 0.078125, 'loss': 1.048469066619873}
 val_metrics: {'energy_reference_mae': 5.308752536773682, 'energy_mae': 0.26689276099205017, 'energy_mae_raw': 3.084947109222412, 'stress_mae': 3.1706769466400146, 'stress_mae_raw': 8.995790481567383, 'node_mae': 0.056851014494895935, 'node_mae_raw': 0.05128799378871918, 'node_cosine_sim': 0.2165347933769226, 'fwt_0.03': 0.19499999284744263, 'loss': 3.4944205284118652}
Epoch: 80/100, 
 train_metrics: {'data_time': 9.423086885362864e-05, 'train_time': 62.28236392811717, 'energy_reference_mae': 5.591305414835612, 'energy_mae': 0.01674262434244156, 'energy_mae_raw': 0.4516854186852773, 'stress_mae': 0.9247774680455526, 'stress_mae_raw': 2.6389314333597818, 'node_mae': 0.050199077775081, 'node_mae_raw': 0.045301360388596855, 'node_cosine_sim': 0.3582373857498169, 'fwt_0.03': 0.08854166666666667, 'loss': 0.9917191664377848}
 val_metrics: {'energy_reference_mae': 5.308728218078613, 'energy_mae': 0.2823348939418793, 'energy_mae_raw': 3.3089818954467773, 'stress_mae': 3.1797595024108887, 'stress_mae_raw': 9.076860427856445, 'node_mae': 0.05737856775522232, 'node_mae_raw': 0.051783204078674316, 'node_cosine_sim': 0.22064554691314697, 'fwt_0.03': 0.1899999976158142, 'loss': 3.51947283744812}
Epoch: 81/100, 
 train_metrics: {'data_time': 6.860614909480016e-05, 'train_time': 58.16785287973471, 'energy_reference_mae': 5.591305732727051, 'energy_mae': 0.02059606338540713, 'energy_mae_raw': 0.5678078730901083, 'stress_mae': 1.117595632870992, 'stress_mae_raw': 3.2085204124450684, 'node_mae': 0.051073722541332245, 'node_mae_raw': 0.046106286346912384, 'node_cosine_sim': 0.3601429263750712, 'fwt_0.03': 0.07291666666666667, 'loss': 1.1892654498418171}
 val_metrics: {'energy_reference_mae': 5.308708190917969, 'energy_mae': 0.2765183448791504, 'energy_mae_raw': 3.2942821979522705, 'stress_mae': 3.272738456726074, 'stress_mae_raw': 9.398829460144043, 'node_mae': 0.05598041042685509, 'node_mae_raw': 0.050537943840026855, 'node_cosine_sim': 0.2050303816795349, 'fwt_0.03': 0.19499999284744263, 'loss': 3.6052372455596924}
Epoch: 82/100, 
 train_metrics: {'data_time': 6.241347485532363e-05, 'train_time': 59.233049606982, 'energy_reference_mae': 5.5912604331970215, 'energy_mae': 0.016654055565595627, 'energy_mae_raw': 0.4675782024860382, 'stress_mae': 0.9654590686162313, 'stress_mae_raw': 2.7883216540018716, 'node_mae': 0.04951100175579389, 'node_mae_raw': 0.04470946888128916, 'node_cosine_sim': 0.3643687466780345, 'fwt_0.03': 0.08854166666666667, 'loss': 1.0316241184870403}
 val_metrics: {'energy_reference_mae': 5.308714866638184, 'energy_mae': 0.2684183716773987, 'energy_mae_raw': 3.2337656021118164, 'stress_mae': 3.225313186645508, 'stress_mae_raw': 9.31804370880127, 'node_mae': 0.05595836788415909, 'node_mae_raw': 0.05053453892469406, 'node_cosine_sim': 0.20266732573509216, 'fwt_0.03': 0.19499999284744263, 'loss': 3.549689769744873}
Epoch: 83/100, 
 train_metrics: {'data_time': 7.701684565593799e-05, 'train_time': 59.070748430793174, 'energy_reference_mae': 5.591257254282634, 'energy_mae': 0.014636129140853882, 'energy_mae_raw': 0.38033437728881836, 'stress_mae': 0.9376109639803568, 'stress_mae_raw': 2.723886489868164, 'node_mae': 0.04981248453259468, 'node_mae_raw': 0.044995645682017006, 'node_cosine_sim': 0.3662174344062805, 'fwt_0.03': 0.08333333333333333, 'loss': 1.0020595788955688}
 val_metrics: {'energy_reference_mae': 5.308719635009766, 'energy_mae': 0.2743135094642639, 'energy_mae_raw': 3.301325559616089, 'stress_mae': 3.104374885559082, 'stress_mae_raw': 9.021665573120117, 'node_mae': 0.05571982264518738, 'node_mae_raw': 0.05033402889966965, 'node_cosine_sim': 0.2096782624721527, 'fwt_0.03': 0.19499999284744263, 'loss': 3.434408187866211}
Epoch: 84/100, 
 train_metrics: {'data_time': 4.8271690805753074e-05, 'train_time': 58.62708023687204, 'energy_reference_mae': 5.591267267862956, 'energy_mae': 0.013547717283169428, 'energy_mae_raw': 0.35968054334322613, 'stress_mae': 0.8521611293156942, 'stress_mae_raw': 2.490128993988037, 'node_mae': 0.0495724988480409, 'node_mae_raw': 0.044791088749965034, 'node_cosine_sim': 0.3609546422958374, 'fwt_0.03': 0.08333333333333333, 'loss': 0.915281335512797}
 val_metrics: {'energy_reference_mae': 5.308681488037109, 'energy_mae': 0.28040292859077454, 'energy_mae_raw': 3.265929698944092, 'stress_mae': 3.0839271545410156, 'stress_mae_raw': 9.014588356018066, 'node_mae': 0.056881994009017944, 'node_mae_raw': 0.05139797925949097, 'node_cosine_sim': 0.22212626039981842, 'fwt_0.03': 0.1899999976158142, 'loss': 3.4212119579315186}
Epoch: 85/100, 
 train_metrics: {'data_time': 7.099006325006485e-05, 'train_time': 60.92055811213019, 'energy_reference_mae': 5.591270764668782, 'energy_mae': 0.015069983899593353, 'energy_mae_raw': 0.4072244664033254, 'stress_mae': 0.9351207812627157, 'stress_mae_raw': 2.7483330567677817, 'node_mae': 0.04939448709289233, 'node_mae_raw': 0.044642491887013115, 'node_cosine_sim': 0.36357495188713074, 'fwt_0.03': 0.08333333333333333, 'loss': 0.9995852907498678}
 val_metrics: {'energy_reference_mae': 5.308667182922363, 'energy_mae': 0.2754744291305542, 'energy_mae_raw': 3.236711025238037, 'stress_mae': 3.123725652694702, 'stress_mae_raw': 9.18362045288086, 'node_mae': 0.056449271738529205, 'node_mae_raw': 0.051020245999097824, 'node_cosine_sim': 0.21043798327445984, 'fwt_0.03': 0.19499999284744263, 'loss': 3.4556491374969482}
Epoch: 86/100, 
 train_metrics: {'data_time': 5.4933635207513966e-05, 'train_time': 59.24140999621401, 'energy_reference_mae': 5.591235478719075, 'energy_mae': 0.015327862153450647, 'energy_mae_raw': 0.4498991270860036, 'stress_mae': 0.8762286504109701, 'stress_mae_raw': 2.589970906575521, 'node_mae': 0.04882746562361717, 'node_mae_raw': 0.04414072632789612, 'node_cosine_sim': 0.36825721462567645, 'fwt_0.03': 0.08854166666666667, 'loss': 0.9403839508692423}
 val_metrics: {'energy_reference_mae': 5.308687210083008, 'energy_mae': 0.26923227310180664, 'energy_mae_raw': 3.2222702503204346, 'stress_mae': 3.146742820739746, 'stress_mae_raw': 9.304085731506348, 'node_mae': 0.056276384741067886, 'node_mae_raw': 0.050877008587121964, 'node_cosine_sim': 0.20576836168766022, 'fwt_0.03': 0.19499999284744263, 'loss': 3.4722514152526855}
Epoch: 87/100, 
 train_metrics: {'data_time': 6.244098767638206e-05, 'train_time': 59.11786081711762, 'energy_reference_mae': 5.591228008270264, 'energy_mae': 0.01113428051273028, 'energy_mae_raw': 0.28404446442921955, 'stress_mae': 0.8653997381528219, 'stress_mae_raw': 2.5723675886789956, 'node_mae': 0.04886007308959961, 'node_mae_raw': 0.04418091351787249, 'node_cosine_sim': 0.36927958329518634, 'fwt_0.03': 0.10416666666666667, 'loss': 0.9253940979639689}
 val_metrics: {'energy_reference_mae': 5.308701515197754, 'energy_mae': 0.27302464842796326, 'energy_mae_raw': 3.2320523262023926, 'stress_mae': 3.0588583946228027, 'stress_mae_raw': 9.095244407653809, 'node_mae': 0.0562530979514122, 'node_mae_raw': 0.05086793377995491, 'node_cosine_sim': 0.21090660989284515, 'fwt_0.03': 0.19499999284744263, 'loss': 3.388136148452759}
Epoch: 88/100, 
 train_metrics: {'data_time': 6.96109685425957e-05, 'train_time': 59.3944263527325, 'energy_reference_mae': 5.591242790222168, 'energy_mae': 0.012270563592513403, 'energy_mae_raw': 0.3171820044517517, 'stress_mae': 0.829360842704773, 'stress_mae_raw': 2.4790186087290444, 'node_mae': 0.04846987376610438, 'node_mae_raw': 0.04383781055609385, 'node_cosine_sim': 0.3679507076740265, 'fwt_0.03': 0.10416666666666667, 'loss': 0.8901012738545736}
 val_metrics: {'energy_reference_mae': 5.3086700439453125, 'energy_mae': 0.2774372696876526, 'energy_mae_raw': 3.236464023590088, 'stress_mae': 3.0542643070220947, 'stress_mae_raw': 9.132238388061523, 'node_mae': 0.056553080677986145, 'node_mae_raw': 0.05115038901567459, 'node_cosine_sim': 0.21544021368026733, 'fwt_0.03': 0.19499999284744263, 'loss': 3.3882546424865723}
Epoch: 89/100, 
 train_metrics: {'data_time': 5.8589852415025234e-05, 'train_time': 57.86090528060837, 'energy_reference_mae': 5.591232935587565, 'energy_mae': 0.011467023442188898, 'energy_mae_raw': 0.2943771481513977, 'stress_mae': 0.867806633313497, 'stress_mae_raw': 2.6082324981689453, 'node_mae': 0.04831956451137861, 'node_mae_raw': 0.043710862596829735, 'node_cosine_sim': 0.366767019033432, 'fwt_0.03': 0.09375, 'loss': 0.9275932312011719}
 val_metrics: {'energy_reference_mae': 5.308659076690674, 'energy_mae': 0.2773589789867401, 'energy_mae_raw': 3.249880790710449, 'stress_mae': 3.0574400424957275, 'stress_mae_raw': 9.192152976989746, 'node_mae': 0.056413959711790085, 'node_mae_raw': 0.05103461816906929, 'node_cosine_sim': 0.21199530363082886, 'fwt_0.03': 0.1899999976158142, 'loss': 3.3912129402160645}
Epoch: 90/100, 
 train_metrics: {'data_time': 6.576386901239555e-05, 'train_time': 60.02519510127604, 'energy_reference_mae': 5.5912197430928545, 'energy_mae': 0.010625611990690231, 'energy_mae_raw': 0.29111307859420776, 'stress_mae': 0.8057219982147217, 'stress_mae_raw': 2.4348768393198648, 'node_mae': 0.047842578341563545, 'node_mae_raw': 0.04328833023707072, 'node_cosine_sim': 0.3692111074924469, 'fwt_0.03': 0.09895833333333333, 'loss': 0.8641901612281799}
 val_metrics: {'energy_reference_mae': 5.308672904968262, 'energy_mae': 0.2721010446548462, 'energy_mae_raw': 3.168351173400879, 'stress_mae': 3.06935453414917, 'stress_mae_raw': 9.278303146362305, 'node_mae': 0.05626178905367851, 'node_mae_raw': 0.05090787261724472, 'node_cosine_sim': 0.20861738920211792, 'fwt_0.03': 0.19499999284744263, 'loss': 3.397717237472534}
Epoch: 91/100, 
 train_metrics: {'data_time': 8.23134711633126e-05, 'train_time': 60.862663946230896, 'energy_reference_mae': 5.591212272644043, 'energy_mae': 0.013721654812494913, 'energy_mae_raw': 0.40933649738629657, 'stress_mae': 0.7827541828155518, 'stress_mae_raw': 2.3782191276550293, 'node_mae': 0.04802733163038889, 'node_mae_raw': 0.04346315066019694, 'node_cosine_sim': 0.37140751878420514, 'fwt_0.03': 0.09895833333333333, 'loss': 0.8445031642913818}
 val_metrics: {'energy_reference_mae': 5.308662414550781, 'energy_mae': 0.274267315864563, 'energy_mae_raw': 3.2410454750061035, 'stress_mae': 3.0175397396087646, 'stress_mae_raw': 9.170870780944824, 'node_mae': 0.0559680350124836, 'node_mae_raw': 0.05065065249800682, 'node_cosine_sim': 0.21135757863521576, 'fwt_0.03': 0.19499999284744263, 'loss': 3.3477752208709717}
Epoch: 92/100, 
 train_metrics: {'data_time': 6.889998136709134e-05, 'train_time': 57.63821870996617, 'energy_reference_mae': 5.591227213541667, 'energy_mae': 0.012170133491357168, 'energy_mae_raw': 0.2928180495897929, 'stress_mae': 0.7750407059987386, 'stress_mae_raw': 2.367363691329956, 'node_mae': 0.04777791351079941, 'node_mae_raw': 0.04324468970298767, 'node_cosine_sim': 0.36879589160283405, 'fwt_0.03': 0.09895833333333333, 'loss': 0.8349887530008951}
 val_metrics: {'energy_reference_mae': 5.308646202087402, 'energy_mae': 0.2758745551109314, 'energy_mae_raw': 3.200824737548828, 'stress_mae': 2.9789505004882812, 'stress_mae_raw': 9.101919174194336, 'node_mae': 0.05636127293109894, 'node_mae_raw': 0.051014985889196396, 'node_cosine_sim': 0.21597275137901306, 'fwt_0.03': 0.19499999284744263, 'loss': 3.3111863136291504}
Epoch: 93/100, 
 train_metrics: {'data_time': 8.891425871600707e-05, 'train_time': 58.897801160501935, 'energy_reference_mae': 5.591225306193034, 'energy_mae': 0.010063204914331436, 'energy_mae_raw': 0.2441814790169398, 'stress_mae': 0.77763698498408, 'stress_mae_raw': 2.387836297353109, 'node_mae': 0.047684927781422935, 'node_mae_raw': 0.04316691185037295, 'node_cosine_sim': 0.36766597628593445, 'fwt_0.03': 0.09895833333333333, 'loss': 0.8353851238886515}
 val_metrics: {'energy_reference_mae': 5.308642864227295, 'energy_mae': 0.27362167835235596, 'energy_mae_raw': 3.1719236373901367, 'stress_mae': 2.975553035736084, 'stress_mae_raw': 9.139528274536133, 'node_mae': 0.056098632514476776, 'node_mae_raw': 0.05078451335430145, 'node_cosine_sim': 0.21329008042812347, 'fwt_0.03': 0.19499999284744263, 'loss': 3.3052732944488525}
Epoch: 94/100, 
 train_metrics: {'data_time': 7.563771214336157e-05, 'train_time': 59.61703696319213, 'energy_reference_mae': 5.5912089347839355, 'energy_mae': 0.01034921407699585, 'energy_mae_raw': 0.3051450351874034, 'stress_mae': 0.7536900043487549, 'stress_mae_raw': 2.326418399810791, 'node_mae': 0.04745783160130183, 'node_mae_raw': 0.04296716550985972, 'node_cosine_sim': 0.3708457847436269, 'fwt_0.03': 0.09895833333333333, 'loss': 0.8114970525105795}
 val_metrics: {'energy_reference_mae': 5.308640003204346, 'energy_mae': 0.2761693596839905, 'energy_mae_raw': 3.2197065353393555, 'stress_mae': 3.0085196495056152, 'stress_mae_raw': 9.289069175720215, 'node_mae': 0.055892620235681534, 'node_mae_raw': 0.050604891031980515, 'node_cosine_sim': 0.2092467099428177, 'fwt_0.03': 0.19499999284744263, 'loss': 3.3405816555023193}
Epoch: 95/100, 
 train_metrics: {'data_time': 8.102110587060452e-05, 'train_time': 57.105438488341555, 'energy_reference_mae': 5.591209411621094, 'energy_mae': 0.008713862548271814, 'energy_mae_raw': 0.23524155219395956, 'stress_mae': 0.7494838237762451, 'stress_mae_raw': 2.325383027394613, 'node_mae': 0.04763477171460787, 'node_mae_raw': 0.043132336189349495, 'node_cosine_sim': 0.3725688656171163, 'fwt_0.03': 0.09895833333333333, 'loss': 0.8058324257532755}
 val_metrics: {'energy_reference_mae': 5.308640956878662, 'energy_mae': 0.2775353193283081, 'energy_mae_raw': 3.2743492126464844, 'stress_mae': 2.9477782249450684, 'stress_mae_raw': 9.148567199707031, 'node_mae': 0.05564963072538376, 'node_mae_raw': 0.050390686839818954, 'node_cosine_sim': 0.2122291773557663, 'fwt_0.03': 0.19499999284744263, 'loss': 3.280963182449341}
Epoch: 96/100, 
 train_metrics: {'data_time': 9.823101572692394e-05, 'train_time': 58.00870946631767, 'energy_reference_mae': 5.59120496114095, 'energy_mae': 0.008510368565718332, 'energy_mae_raw': 0.23076393206914267, 'stress_mae': 0.732548177242279, 'stress_mae_raw': 2.28448486328125, 'node_mae': 0.04746588319540024, 'node_mae_raw': 0.04298417270183563, 'node_cosine_sim': 0.3710593084494273, 'fwt_0.03': 0.09895833333333333, 'loss': 0.7885244091351827}
 val_metrics: {'energy_reference_mae': 5.308646202087402, 'energy_mae': 0.2735944092273712, 'energy_mae_raw': 3.1815059185028076, 'stress_mae': 2.9065353870391846, 'stress_mae_raw': 9.066720008850098, 'node_mae': 0.05587957426905632, 'node_mae_raw': 0.050604261457920074, 'node_cosine_sim': 0.21574126183986664, 'fwt_0.03': 0.19499999284744263, 'loss': 3.236009359359741}
Epoch: 97/100, 
 train_metrics: {'data_time': 7.71664393444856e-05, 'train_time': 58.93961337891718, 'energy_reference_mae': 5.591204484303792, 'energy_mae': 0.007628185053666432, 'energy_mae_raw': 0.2146947036186854, 'stress_mae': 0.734494149684906, 'stress_mae_raw': 2.3021539052327475, 'node_mae': 0.04738901431361834, 'node_mae_raw': 0.04291842381159464, 'node_cosine_sim': 0.36984456578890484, 'fwt_0.03': 0.09895833333333333, 'loss': 0.7895113428433737}
 val_metrics: {'energy_reference_mae': 5.308642387390137, 'energy_mae': 0.2767266035079956, 'energy_mae_raw': 3.2142131328582764, 'stress_mae': 2.907271385192871, 'stress_mae_raw': 9.114938735961914, 'node_mae': 0.05589934438467026, 'node_mae_raw': 0.05062655359506607, 'node_cosine_sim': 0.21465596556663513, 'fwt_0.03': 0.19499999284744263, 'loss': 3.2398974895477295}
Epoch: 98/100, 
 train_metrics: {'data_time': 5.746974299351374e-05, 'train_time': 56.48664068729462, 'energy_reference_mae': 5.591205914815267, 'energy_mae': 0.00742049515247345, 'energy_mae_raw': 0.20704575876394907, 'stress_mae': 0.7087068955103556, 'stress_mae_raw': 2.2324702739715576, 'node_mae': 0.04723706096410751, 'node_mae_raw': 0.04278389364480972, 'node_cosine_sim': 0.37101274728775024, 'fwt_0.03': 0.09895833333333333, 'loss': 0.7633644541104635}
 val_metrics: {'energy_reference_mae': 5.308635711669922, 'energy_mae': 0.27652090787887573, 'energy_mae_raw': 3.2188186645507812, 'stress_mae': 2.899465799331665, 'stress_mae_raw': 9.136029243469238, 'node_mae': 0.05572469159960747, 'node_mae_raw': 0.05047197267413139, 'node_cosine_sim': 0.21219311654567719, 'fwt_0.03': 0.19499999284744263, 'loss': 3.2317113876342773}
Epoch: 99/100, 
 train_metrics: {'data_time': 7.802306208759546e-05, 'train_time': 59.67856075416785, 'energy_reference_mae': 5.5912095705668134, 'energy_mae': 0.007512244085470836, 'energy_mae_raw': 0.21813046435515085, 'stress_mae': 0.7020445863405863, 'stress_mae_raw': 2.222463607788086, 'node_mae': 0.04725319395462672, 'node_mae_raw': 0.042800972859064736, 'node_cosine_sim': 0.3720853428045909, 'fwt_0.03': 0.09895833333333333, 'loss': 0.7568100094795227}
 val_metrics: {'energy_reference_mae': 5.308632850646973, 'energy_mae': 0.27756747603416443, 'energy_mae_raw': 3.251189708709717, 'stress_mae': 2.8720269203186035, 'stress_mae_raw': 9.094478607177734, 'node_mae': 0.05565642938017845, 'node_mae_raw': 0.05041291564702988, 'node_cosine_sim': 0.212838813662529, 'fwt_0.03': 0.19499999284744263, 'loss': 3.2052507400512695}
2025-06-02 03:12:22,942 - INFO - Checkpoint saved to orb_ckpts/
2025-06-02 03:12:22,942 - INFO - Training time: 7333.08717 seconds
